TN:
SF:src\middleware.ts
FN:17,middleware
FN:39,(anonymous_4)
FNF:2
FNH:0
FNDA:0,middleware
FNDA:0,(anonymous_4)
DA:1,0
DA:3,0
DA:5,0
DA:13,0
DA:14,0
DA:15,0
DA:17,0
DA:18,0
DA:21,0
DA:31,0
DA:35,0
DA:36,0
DA:38,0
DA:39,0
DA:43,0
DA:44,0
DA:45,0
DA:47,0
DA:51,0
DA:52,0
DA:56,0
DA:57,0
DA:58,0
DA:59,0
DA:62,0
DA:65,0
LF:26
LH:0
BRDA:21,0,0,0
BRDA:22,1,0,0
BRDA:22,1,1,0
BRDA:22,1,2,0
BRDA:22,1,3,0
BRDA:22,1,4,0
BRDA:22,1,5,0
BRDA:22,1,6,0
BRDA:22,1,7,0
BRDA:39,2,0,0
BRDA:39,2,1,0
BRDA:43,3,0,0
BRDA:44,4,0,0
BRDA:51,5,0,0
BRDA:51,6,0,0
BRDA:51,6,1,0
BRDA:56,7,0,0
BRDA:56,8,0,0
BRDA:56,8,1,0
BRDA:56,8,2,0
BRF:20
BRH:0
end_of_record
TN:
SF:src\app\(app)\layout.tsx
FN:3,AppLayout
FNF:1
FNH:0
FNDA:0,AppLayout
DA:1,0
DA:3,0
LF:2
LH:0
BRF:0
BRH:0
end_of_record
TN:
SF:src\app\(app)\page.tsx
FN:9,DashboardRootPage
FNF:1
FNH:0
FNDA:0,DashboardRootPage
DA:1,0
DA:9,0
DA:10,0
LF:3
LH:0
BRF:0
BRH:0
end_of_record
TN:
SF:src\app\(app)\discover\page.tsx
FN:3,DiscoverPage
FNF:1
FNH:0
FNDA:0,DiscoverPage
DA:1,0
DA:3,0
DA:4,0
LF:3
LH:0
BRF:0
BRH:0
end_of_record
TN:
SF:src\app\(app)\feed\page.tsx
FN:4,FeedPage
FNF:1
FNH:0
FNDA:0,FeedPage
DA:1,0
DA:4,0
DA:5,0
LF:3
LH:0
BRF:0
BRH:0
end_of_record
TN:
SF:src\app\(app)\messages\page.tsx
FN:2,MessagesPage
FNF:1
FNH:0
FNDA:0,MessagesPage
DA:1,0
DA:2,0
LF:2
LH:0
BRF:0
BRH:0
end_of_record
TN:
SF:src\app\(app)\notifications\page.tsx
FN:2,NotificationsPage
FNF:1
FNH:0
FNDA:0,NotificationsPage
DA:1,0
DA:2,0
LF:2
LH:0
BRF:0
BRH:0
end_of_record
TN:
SF:src\app\(app)\post\[postId]\page.tsx
FN:12,PostDetailPage
FN:18,(anonymous_3)
FN:27,(anonymous_4)
FN:48,(anonymous_5)
FNF:4
FNH:0
FNDA:0,PostDetailPage
FNDA:0,(anonymous_3)
FNDA:0,(anonymous_4)
FNDA:0,(anonymous_5)
DA:3,0
DA:4,0
DA:5,0
DA:6,0
DA:7,0
DA:8,0
DA:9,0
DA:10,0
DA:12,0
DA:13,0
DA:14,0
DA:16,0
DA:18,0
DA:27,0
DA:48,0
LF:15
LH:0
BRDA:39,0,0,0
BRDA:41,1,0,0
BRDA:40,2,0,0
BRDA:40,2,1,0
BRF:4
BRH:0
end_of_record
TN:
SF:src\app\(app)\profile\page.tsx
FN:2,ProfilePage
FNF:1
FNH:0
FNDA:0,ProfilePage
DA:1,0
DA:2,0
LF:2
LH:0
BRF:0
BRH:0
end_of_record
TN:
SF:src\app\(app)\settings\page.tsx
FN:40,loadNotifPrefs
FN:48,defaultNotifPrefs
FN:49,(anonymous_4)
FN:52,saveNotifPrefs
FN:60,SectionLabel
FN:68,ToggleSwitch
FN:74,(anonymous_8)
FN:86,ChangePasswordSection
FN:95,(anonymous_10)
FN:96,(anonymous_11)
FN:101,(anonymous_12)
FN:106,(anonymous_13)
FN:118,(anonymous_14)
FN:118,(anonymous_15)
FN:139,(anonymous_16)
FN:145,(anonymous_17)
FN:145,(anonymous_18)
FN:159,(anonymous_19)
FN:165,(anonymous_20)
FN:165,(anonymous_21)
FN:177,(anonymous_22)
FN:197,TwoFASection
FN:207,(anonymous_24)
FN:211,(anonymous_25)
FN:215,(anonymous_26)
FN:216,(anonymous_27)
FN:223,(anonymous_28)
FN:229,(anonymous_29)
FN:230,(anonymous_30)
FN:237,(anonymous_31)
FN:242,(anonymous_32)
FN:306,(anonymous_33)
FN:311,(anonymous_34)
FN:333,(anonymous_35)
FN:338,(anonymous_36)
FN:354,SessionsSection
FN:366,(anonymous_38)
FN:367,(anonymous_39)
FN:371,(anonymous_40)
FN:376,(anonymous_41)
FN:380,(anonymous_42)
FN:383,(anonymous_43)
FN:386,(anonymous_44)
FN:391,(anonymous_45)
FN:391,(anonymous_46)
FN:408,(anonymous_47)
FN:416,(anonymous_48)
FN:446,(anonymous_49)
FN:460,(anonymous_50)
FN:475,BlockListSection
FN:487,(anonymous_52)
FN:488,(anonymous_53)
FN:492,(anonymous_54)
FN:498,(anonymous_55)
FN:498,(anonymous_56)
FN:515,(anonymous_57)
FN:523,(anonymous_58)
FN:547,(anonymous_59)
FN:566,NotificationPrefsSection
FN:570,(anonymous_61)
FN:574,(anonymous_62)
FN:583,(anonymous_63)
FN:583,(anonymous_64)
FN:598,(anonymous_65)
FN:606,(anonymous_66)
FN:619,AppearanceSection
FN:641,(anonymous_68)
FN:644,(anonymous_69)
FN:661,DeleteAccountSection
FN:664,(anonymous_71)
FN:669,(anonymous_72)
FN:674,(anonymous_73)
FN:680,(anonymous_74)
FN:680,(anonymous_75)
FN:708,(anonymous_76)
FN:713,(anonymous_77)
FN:727,LogoutButton
FN:728,(anonymous_79)
FN:733,(anonymous_80)
FN:737,(anonymous_81)
FN:747,(anonymous_82)
FN:763,AccountSettingsPage
FN:776,(anonymous_84)
FNF:83
FNH:54
FNDA:6,loadNotifPrefs
FNDA:58,defaultNotifPrefs
FNDA:348,(anonymous_4)
FNDA:5,saveNotifPrefs
FNDA:312,SectionLabel
FNDA:102,ToggleSwitch
FNDA:5,(anonymous_8)
FNDA:81,ChangePasswordSection
FNDA:1,(anonymous_10)
FNDA:1,(anonymous_11)
FNDA:0,(anonymous_12)
FNDA:6,(anonymous_13)
FNDA:8,(anonymous_14)
FNDA:8,(anonymous_15)
FNDA:6,(anonymous_16)
FNDA:1,(anonymous_17)
FNDA:1,(anonymous_18)
FNDA:6,(anonymous_19)
FNDA:0,(anonymous_20)
FNDA:0,(anonymous_21)
FNDA:6,(anonymous_22)
FNDA:54,TwoFASection
FNDA:1,(anonymous_24)
FNDA:0,(anonymous_25)
FNDA:0,(anonymous_26)
FNDA:0,(anonymous_27)
FNDA:0,(anonymous_28)
FNDA:0,(anonymous_29)
FNDA:0,(anonymous_30)
FNDA:0,(anonymous_31)
FNDA:1,(anonymous_32)
FNDA:0,(anonymous_33)
FNDA:0,(anonymous_34)
FNDA:0,(anonymous_35)
FNDA:0,(anonymous_36)
FNDA:62,SessionsSection
FNDA:0,(anonymous_38)
FNDA:0,(anonymous_39)
FNDA:0,(anonymous_40)
FNDA:0,(anonymous_41)
FNDA:0,(anonymous_42)
FNDA:4,(anonymous_43)
FNDA:4,(anonymous_44)
FNDA:5,(anonymous_45)
FNDA:5,(anonymous_46)
FNDA:10,(anonymous_47)
FNDA:4,(anonymous_48)
FNDA:0,(anonymous_49)
FNDA:0,(anonymous_50)
FNDA:58,BlockListSection
FNDA:0,(anonymous_52)
FNDA:0,(anonymous_53)
FNDA:0,(anonymous_54)
FNDA:3,(anonymous_55)
FNDA:3,(anonymous_56)
FNDA:6,(anonymous_57)
FNDA:2,(anonymous_58)
FNDA:0,(anonymous_59)
FNDA:69,NotificationPrefsSection
FNDA:58,(anonymous_61)
FNDA:5,(anonymous_62)
FNDA:6,(anonymous_63)
FNDA:6,(anonymous_64)
FNDA:102,(anonymous_65)
FNDA:5,(anonymous_66)
FNDA:52,AppearanceSection
FNDA:156,(anonymous_68)
FNDA:0,(anonymous_69)
FNDA:63,DeleteAccountSection
FNDA:63,(anonymous_71)
FNDA:1,(anonymous_72)
FNDA:0,(anonymous_73)
FNDA:6,(anonymous_74)
FNDA:6,(anonymous_75)
FNDA:4,(anonymous_76)
FNDA:1,(anonymous_77)
FNDA:53,LogoutButton
FNDA:53,(anonymous_79)
FNDA:1,(anonymous_80)
FNDA:0,(anonymous_81)
FNDA:1,(anonymous_82)
FNDA:106,AccountSettingsPage
FNDA:0,(anonymous_84)
DA:3,2
DA:4,2
DA:5,2
DA:6,2
DA:10,2
DA:11,2
DA:12,2
DA:16,2
DA:17,2
DA:19,2
DA:20,2
DA:21,2
DA:26,2
DA:28,2
DA:41,6
DA:42,6
DA:43,6
DA:45,6
DA:49,348
DA:53,5
DA:54,5
DA:74,5
DA:87,81
DA:88,81
DA:89,81
DA:90,81
DA:91,81
DA:92,81
DA:94,81
DA:95,1
DA:97,1
DA:98,1
DA:99,1
DA:102,0
DA:106,81
DA:107,6
DA:108,6
DA:109,5
DA:110,4
DA:111,3
DA:112,1
DA:118,8
DA:139,6
DA:145,1
DA:159,6
DA:165,0
DA:177,6
DA:198,54
DA:199,54
DA:200,54
DA:201,54
DA:202,54
DA:203,54
DA:205,54
DA:208,1
DA:209,1
DA:211,0
DA:214,54
DA:215,0
DA:217,0
DA:218,0
DA:219,0
DA:220,0
DA:221,0
DA:224,0
DA:228,54
DA:229,0
DA:231,0
DA:232,0
DA:233,0
DA:234,0
DA:235,0
DA:238,0
DA:242,54
DA:243,1
DA:244,1
DA:245,1
DA:246,1
DA:247,1
DA:249,0
DA:252,0
DA:253,0
DA:306,0
DA:311,0
DA:333,0
DA:338,0
DA:355,62
DA:356,62
DA:358,62
DA:365,62
DA:366,0
DA:368,0
DA:369,0
DA:371,0
DA:374,62
DA:377,0
DA:378,0
DA:380,0
DA:383,62
DA:384,4
DA:386,62
DA:391,5
DA:409,10
DA:417,4
DA:446,0
DA:460,0
DA:476,58
DA:477,58
DA:479,58
DA:486,58
DA:487,0
DA:489,0
DA:490,0
DA:492,0
DA:498,3
DA:516,6
DA:524,2
DA:525,2
DA:547,0
DA:567,69
DA:568,69
DA:570,69
DA:571,58
DA:574,69
DA:575,5
DA:576,5
DA:577,5
DA:583,6
DA:599,102
DA:606,5
DA:620,52
DA:622,52
DA:642,156
DA:644,0
DA:662,63
DA:663,63
DA:664,63
DA:665,63
DA:667,63
DA:670,1
DA:671,1
DA:672,1
DA:674,0
DA:680,6
DA:708,4
DA:713,1
DA:728,53
DA:729,53
DA:731,53
DA:734,1
DA:735,1
DA:739,0
DA:740,0
DA:747,1
DA:763,54
DA:764,106
DA:765,106
DA:776,0
LF:158
LH:115
BRDA:43,0,0,0
BRDA:62,1,0,52
BRDA:62,1,1,260
BRDA:75,2,0,98
BRDA:75,2,1,4
BRDA:78,3,0,98
BRDA:78,3,1,4
BRDA:102,4,0,0
BRDA:102,4,1,0
BRDA:108,5,0,1
BRDA:109,6,0,1
BRDA:110,7,0,1
BRDA:111,8,0,2
BRDA:128,9,0,28
BRDA:128,9,1,53
BRDA:131,10,0,81
BRDA:136,11,0,1
BRDA:136,11,1,27
BRDA:147,12,0,1
BRDA:147,12,1,27
BRDA:149,13,0,1
BRDA:156,14,0,0
BRDA:156,14,1,28
BRDA:167,15,0,0
BRDA:167,15,1,28
BRDA:169,16,0,0
BRDA:187,17,0,0
BRDA:187,17,1,28
BRDA:224,18,0,0
BRDA:224,18,1,0
BRDA:238,19,0,0
BRDA:238,19,1,0
BRDA:243,20,0,1
BRDA:243,20,1,0
BRDA:245,21,0,1
BRDA:245,21,1,0
BRDA:269,22,0,0
BRDA:269,22,1,54
BRDA:270,23,0,0
BRDA:270,23,1,54
BRDA:274,24,0,2
BRDA:274,24,1,52
BRDA:277,25,0,54
BRDA:280,26,0,2
BRDA:280,26,1,2
BRDA:285,27,0,2
BRDA:290,28,0,2
BRDA:312,29,0,2
BRDA:312,29,1,0
BRDA:312,29,2,0
BRDA:315,30,0,0
BRDA:315,30,1,2
BRDA:321,31,0,2
BRDA:321,31,1,0
BRDA:339,32,0,0
BRDA:339,32,1,0
BRDA:342,33,0,0
BRDA:342,33,1,0
BRDA:386,34,0,62
BRDA:386,34,1,57
BRDA:401,35,0,10
BRDA:401,35,1,52
BRDA:404,36,0,62
BRDA:407,37,0,5
BRDA:413,38,0,1
BRDA:419,39,0,3
BRDA:419,39,1,1
BRDA:423,40,0,0
BRDA:431,41,0,4
BRDA:431,41,1,0
BRDA:433,42,0,4
BRDA:440,43,0,1
BRDA:440,43,1,3
BRDA:444,44,0,4
BRDA:458,45,0,10
BRDA:464,46,0,0
BRDA:464,46,1,0
BRDA:508,47,0,6
BRDA:508,47,1,52
BRDA:511,48,0,58
BRDA:514,49,0,3
BRDA:520,50,0,1
BRDA:529,51,0,0
BRDA:571,52,0,6
BRDA:593,53,0,17
BRDA:593,53,1,52
BRDA:596,54,0,69
BRDA:646,55,0,47
BRDA:646,55,1,109
BRDA:690,56,0,11
BRDA:690,56,1,52
BRDA:693,57,0,63
BRDA:714,58,0,11
BRDA:714,58,1,3
BRDA:717,59,0,0
BRDA:717,59,1,11
BRDA:755,60,0,0
BRDA:755,60,1,53
BRDA:786,61,0,54
BRDA:797,62,0,52
BRDA:797,62,1,0
BRF:101
BRH:70
end_of_record
TN:
SF:src\app\(auth)\layout.tsx
FN:11,AuthLayout
FNF:1
FNH:0
FNDA:0,AuthLayout
DA:3,0
DA:11,0
LF:2
LH:0
BRF:0
BRH:0
end_of_record
TN:
SF:src\app\(auth)\2fa\page.tsx
FN:18,TwoFAPage
FN:23,(anonymous_3)
FN:45,(anonymous_4)
FN:46,(anonymous_5)
FN:51,(anonymous_6)
FN:61,(anonymous_7)
FN:82,(anonymous_8)
FN:87,(anonymous_9)
FNF:8
FNH:0
FNDA:0,TwoFAPage
FNDA:0,(anonymous_3)
FNDA:0,(anonymous_4)
FNDA:0,(anonymous_5)
FNDA:0,(anonymous_6)
FNDA:0,(anonymous_7)
FNDA:0,(anonymous_8)
FNDA:0,(anonymous_9)
DA:3,0
DA:4,0
DA:5,0
DA:6,0
DA:7,0
DA:8,0
DA:9,0
DA:11,0
DA:12,0
DA:13,0
DA:14,0
DA:15,0
DA:16,0
DA:18,0
DA:19,0
DA:20,0
DA:21,0
DA:23,0
DA:24,0
DA:25,0
DA:34,0
DA:42,0
DA:44,0
DA:45,0
DA:47,0
DA:48,0
DA:49,0
DA:52,0
DA:56,0
DA:62,0
DA:63,0
DA:82,0
DA:87,0
LF:33
LH:0
BRDA:24,0,0,0
BRDA:37,1,0,0
BRDA:37,1,1,0
BRDA:52,2,0,0
BRDA:52,2,1,0
BRDA:56,3,0,0
BRDA:91,4,0,0
BRF:7
BRH:0
end_of_record
TN:
SF:src\app\(auth)\forgot-password\page.tsx
FN:17,ForgotPasswordPage
FN:30,(anonymous_3)
FN:31,(anonymous_4)
FN:39,(anonymous_5)
FN:47,(anonymous_6)
FN:61,(anonymous_7)
FNF:6
FNH:0
FNDA:0,ForgotPasswordPage
FNDA:0,(anonymous_3)
FNDA:0,(anonymous_4)
FNDA:0,(anonymous_5)
FNDA:0,(anonymous_6)
FNDA:0,(anonymous_7)
DA:3,0
DA:4,0
DA:5,0
DA:6,0
DA:7,0
DA:8,0
DA:9,0
DA:11,0
DA:12,0
DA:13,0
DA:14,0
DA:15,0
DA:17,0
DA:18,0
DA:19,0
DA:25,0
DA:29,0
DA:30,0
DA:32,0
DA:37,0
DA:40,0
DA:47,0
DA:61,0
LF:23
LH:0
BRDA:40,0,0,0
BRDA:40,0,1,0
BRF:2
BRH:0
end_of_record
TN:
SF:src\app\(auth)\login\page.tsx
FN:21,LoginForm
FN:36,(anonymous_3)
FN:37,(anonymous_4)
FN:51,(anonymous_5)
FN:67,(anonymous_6)
FN:113,LoginPage
FNF:6
FNH:6
FNDA:20,LoginForm
FNDA:3,(anonymous_3)
FNDA:2,(anonymous_4)
FNDA:1,(anonymous_5)
FNDA:3,(anonymous_6)
FNDA:8,LoginPage
DA:3,1
DA:4,1
DA:5,1
DA:6,1
DA:7,1
DA:8,1
DA:9,1
DA:11,1
DA:12,1
DA:13,1
DA:14,1
DA:15,1
DA:16,1
DA:17,1
DA:18,1
DA:22,20
DA:23,20
DA:24,20
DA:25,20
DA:26,20
DA:31,20
DA:35,19
DA:36,3
DA:38,2
DA:39,1
DA:40,1
DA:44,1
DA:45,1
DA:47,1
DA:48,1
DA:49,1
DA:52,1
DA:67,3
DA:113,7
LF:34
LH:34
BRDA:24,0,0,20
BRDA:24,0,1,20
BRDA:38,1,0,1
BRDA:38,2,0,2
BRDA:38,2,1,1
BRDA:52,3,0,1
BRDA:52,3,1,0
BRF:7
BRH:6
end_of_record
TN:
SF:src\app\(auth)\register\page.tsx
FN:18,RegisterPage
FN:34,(anonymous_3)
FN:35,(anonymous_4)
FN:44,(anonymous_5)
FN:64,(anonymous_6)
FN:72,(anonymous_7)
FNF:6
FNH:5
FNDA:60,RegisterPage
FNDA:1,(anonymous_3)
FNDA:1,(anonymous_4)
FNDA:0,(anonymous_5)
FNDA:177,(anonymous_6)
FNDA:1,(anonymous_7)
DA:3,1
DA:4,1
DA:5,1
DA:6,1
DA:7,1
DA:8,1
DA:10,1
DA:11,1
DA:12,1
DA:13,1
DA:14,1
DA:15,1
DA:16,1
DA:18,6
DA:19,60
DA:20,60
DA:27,60
DA:31,59
DA:33,59
DA:34,1
DA:36,1
DA:42,1
DA:45,0
DA:65,177
DA:72,1
LF:25
LH:24
BRDA:45,0,0,0
BRDA:45,0,1,0
BRDA:67,1,0,59
BRDA:67,1,1,118
BRF:4
BRH:2
end_of_record
TN:
SF:src\app\(auth)\register\confirm\page.tsx
FN:18,RegisterConfirmPage
FN:23,(anonymous_3)
FN:42,(anonymous_4)
FN:43,(anonymous_5)
FN:48,(anonymous_6)
FN:53,(anonymous_7)
FN:58,(anonymous_8)
FN:75,(anonymous_9)
FN:86,(anonymous_10)
FNF:9
FNH:0
FNDA:0,RegisterConfirmPage
FNDA:0,(anonymous_3)
FNDA:0,(anonymous_4)
FNDA:0,(anonymous_5)
FNDA:0,(anonymous_6)
FNDA:0,(anonymous_7)
FNDA:0,(anonymous_8)
FNDA:0,(anonymous_9)
FNDA:0,(anonymous_10)
DA:3,0
DA:4,0
DA:5,0
DA:6,0
DA:7,0
DA:8,0
DA:9,0
DA:11,0
DA:12,0
DA:13,0
DA:14,0
DA:15,0
DA:16,0
DA:18,0
DA:19,0
DA:20,0
DA:21,0
DA:23,0
DA:24,0
DA:25,0
DA:34,0
DA:39,0
DA:41,0
DA:42,0
DA:44,0
DA:45,0
DA:46,0
DA:49,0
DA:53,0
DA:58,0
DA:76,0
DA:86,0
LF:32
LH:0
BRDA:24,0,0,0
BRDA:49,1,0,0
BRDA:49,1,1,0
BRDA:78,2,0,0
BRDA:78,2,1,0
BRDA:90,3,0,0
BRF:6
BRH:0
end_of_record
TN:
SF:src\app\(auth)\register\verify\page.tsx
FN:9,RegisterVerifyPage
FN:13,(anonymous_2)
FN:25,(anonymous_3)
FN:59,(anonymous_4)
FNF:4
FNH:0
FNDA:0,RegisterVerifyPage
FNDA:0,(anonymous_2)
FNDA:0,(anonymous_3)
FNDA:0,(anonymous_4)
DA:3,0
DA:4,0
DA:5,0
DA:6,0
DA:7,0
DA:9,0
DA:10,0
DA:11,0
DA:13,0
DA:14,0
DA:15,0
DA:19,0
DA:26,0
DA:59,0
LF:14
LH:0
BRDA:14,0,0,0
BRDA:14,1,0,0
BRDA:14,1,1,0
BRDA:19,2,0,0
BRDA:51,3,0,0
BRF:5
BRH:0
end_of_record
TN:
SF:src\app\(auth)\reset-password\page.tsx
FN:19,ResetPasswordPage
FN:24,(anonymous_3)
FN:45,(anonymous_4)
FN:46,(anonymous_5)
FN:50,(anonymous_6)
FN:65,(anonymous_7)
FN:75,(anonymous_8)
FN:91,(anonymous_9)
FN:96,(anonymous_10)
FNF:9
FNH:0
FNDA:0,ResetPasswordPage
FNDA:0,(anonymous_3)
FNDA:0,(anonymous_4)
FNDA:0,(anonymous_5)
FNDA:0,(anonymous_6)
FNDA:0,(anonymous_7)
FNDA:0,(anonymous_8)
FNDA:0,(anonymous_9)
FNDA:0,(anonymous_10)
DA:3,0
DA:4,0
DA:5,0
DA:6,0
DA:7,0
DA:8,0
DA:9,0
DA:12,0
DA:13,0
DA:14,0
DA:15,0
DA:16,0
DA:17,0
DA:19,0
DA:20,0
DA:21,0
DA:22,0
DA:24,0
DA:25,0
DA:26,0
DA:36,0
DA:41,0
DA:42,0
DA:44,0
DA:45,0
DA:47,0
DA:48,0
DA:51,0
DA:55,0
DA:65,0
DA:75,0
DA:91,0
DA:96,0
LF:33
LH:0
BRDA:25,0,0,0
BRDA:51,1,0,0
BRDA:51,1,1,0
BRDA:55,2,0,0
BRDA:99,3,0,0
BRF:5
BRH:0
end_of_record
TN:
SF:src\app\(onboarding)\layout.tsx
FN:7,OnboardingLayout
FNF:1
FNH:0
FNDA:0,OnboardingLayout
DA:3,0
DA:7,0
LF:2
LH:0
BRF:0
BRH:0
end_of_record
TN:
SF:src\app\(onboarding)\onboarding\page.tsx
FN:25,OnboardingPage
FN:45,(anonymous_3)
FN:47,(anonymous_4)
FN:51,(anonymous_5)
FN:58,(anonymous_6)
FN:64,(anonymous_7)
FN:65,(anonymous_8)
FN:66,(anonymous_9)
FN:68,(anonymous_10)
FN:71,(anonymous_11)
FN:91,(anonymous_12)
FN:111,(anonymous_13)
FN:133,(anonymous_14)
FN:174,(anonymous_15)
FN:211,(anonymous_16)
FNF:15
FNH:0
FNDA:0,OnboardingPage
FNDA:0,(anonymous_3)
FNDA:0,(anonymous_4)
FNDA:0,(anonymous_5)
FNDA:0,(anonymous_6)
FNDA:0,(anonymous_7)
FNDA:0,(anonymous_8)
FNDA:0,(anonymous_9)
FNDA:0,(anonymous_10)
FNDA:0,(anonymous_11)
FNDA:0,(anonymous_12)
FNDA:0,(anonymous_13)
FNDA:0,(anonymous_14)
FNDA:0,(anonymous_15)
FNDA:0,(anonymous_16)
DA:3,0
DA:4,0
DA:5,0
DA:6,0
DA:7,0
DA:8,0
DA:9,0
DA:10,0
DA:12,0
DA:13,0
DA:14,0
DA:15,0
DA:16,0
DA:18,0
DA:19,0
DA:20,0
DA:21,0
DA:25,0
DA:26,0
DA:27,0
DA:28,0
DA:29,0
DA:36,0
DA:41,0
DA:42,0
DA:44,0
DA:46,0
DA:48,0
DA:49,0
DA:52,0
DA:56,0
DA:58,0
DA:63,0
DA:64,0
DA:66,0
DA:68,0
DA:71,0
DA:73,0
DA:74,0
DA:92,0
DA:112,0
DA:113,0
DA:114,0
DA:133,0
DA:174,0
DA:211,0
LF:46
LH:0
BRDA:42,0,0,0
BRDA:42,0,1,0
BRDA:46,1,0,0
BRDA:46,1,1,0
BRDA:52,2,0,0
BRDA:52,2,1,0
BRDA:73,3,0,0
BRDA:74,4,0,0
BRDA:74,4,1,0
BRDA:90,5,0,0
BRDA:103,6,0,0
BRDA:118,7,0,0
BRDA:128,8,0,0
BRDA:133,9,0,0
BRDA:133,9,1,0
BRDA:136,10,0,0
BRDA:136,10,1,0
BRDA:141,11,0,0
BRDA:141,11,1,0
BRDA:151,12,0,0
BRDA:151,12,1,0
BRF:21
BRH:0
end_of_record
TN:
SF:src\app\api\firebase-config\route.ts
FN:12,GET
FNF:1
FNH:0
FNDA:0,GET
DA:12,0
DA:13,0
DA:21,0
DA:23,0
LF:4
LH:0
BRDA:14,0,0,0
BRDA:14,0,1,0
BRDA:15,1,0,0
BRDA:15,1,1,0
BRDA:16,2,0,0
BRDA:16,2,1,0
BRDA:17,3,0,0
BRDA:17,3,1,0
BRDA:18,4,0,0
BRDA:18,4,1,0
BRF:10
BRH:0
end_of_record
TN:
SF:src\app\offline\page.tsx
FN:7,OfflinePage
FN:11,(anonymous_3)
FN:13,(anonymous_4)
FN:15,(anonymous_5)
FN:19,(anonymous_6)
FN:25,(anonymous_7)
FNF:6
FNH:5
FNDA:10,OfflinePage
FNDA:6,(anonymous_3)
FNDA:0,(anonymous_4)
FNDA:6,(anonymous_5)
FNDA:6,(anonymous_6)
FNDA:2,(anonymous_7)
DA:3,1
DA:4,1
DA:5,1
DA:7,6
DA:8,10
DA:9,10
DA:11,10
DA:12,6
DA:13,6
DA:14,6
DA:15,6
DA:19,10
DA:20,6
DA:21,0
DA:25,10
DA:26,2
DA:27,2
DA:28,2
DA:29,0
DA:30,0
DA:31,0
DA:36,0
LF:22
LH:17
BRDA:20,0,0,0
BRDA:29,1,0,0
BRDA:69,2,0,4
BRDA:69,2,1,6
BRDA:70,3,0,4
BRDA:70,3,1,6
BRF:6
BRH:4
end_of_record
TN:
SF:src\components\auth\OtpInput.tsx
FN:15,OtpInput
FN:28,updateDigit
FN:35,handleChange
FN:58,handleKeyDown
FN:73,handlePaste
FN:89,(anonymous_6)
FN:92,(anonymous_7)
FN:101,(anonymous_8)
FN:102,(anonymous_9)
FN:104,(anonymous_10)
FN:105,(anonymous_11)
FNF:11
FNH:11
FNDA:12,OtpInput
FNDA:2,updateDigit
FNDA:2,handleChange
FNDA:2,handleKeyDown
FNDA:1,handlePaste
FNDA:70,(anonymous_6)
FNDA:140,(anonymous_7)
FNDA:2,(anonymous_8)
FNDA:2,(anonymous_9)
FNDA:4,(anonymous_10)
FNDA:1,(anonymous_11)
DA:3,1
DA:4,1
DA:15,8
DA:23,12
DA:24,12
DA:26,12
DA:29,2
DA:30,2
DA:31,2
DA:32,2
DA:36,2
DA:37,2
DA:38,1
DA:39,1
DA:43,1
DA:44,0
DA:45,0
DA:46,0
DA:47,0
DA:48,0
DA:51,1
DA:53,1
DA:54,1
DA:59,2
DA:60,0
DA:61,0
DA:62,0
DA:63,0
DA:64,0
DA:66,2
DA:67,0
DA:68,2
DA:69,0
DA:74,1
DA:75,1
DA:76,1
DA:77,1
DA:78,1
DA:79,1
DA:90,70
DA:92,140
DA:101,2
DA:102,2
DA:104,4
DA:105,1
LF:45
LH:33
BRDA:16,0,0,11
BRDA:19,1,0,11
BRDA:20,2,0,11
BRDA:21,3,0,0
BRDA:24,4,0,0
BRDA:24,4,1,12
BRDA:37,5,0,1
BRDA:43,6,0,0
BRDA:53,7,0,1
BRDA:53,8,0,1
BRDA:53,8,1,1
BRDA:59,9,0,0
BRDA:59,9,1,2
BRDA:60,10,0,0
BRDA:60,10,1,0
BRDA:62,11,0,0
BRDA:66,12,0,0
BRDA:66,12,1,2
BRDA:66,13,0,2
BRDA:66,13,1,0
BRDA:68,14,0,0
BRDA:68,15,0,2
BRDA:68,15,1,0
BRDA:76,16,0,1
BRDA:97,17,0,12
BRDA:97,17,1,58
BRDA:98,18,0,70
BRDA:98,18,1,0
BRDA:100,19,0,70
BRDA:100,19,1,66
BRDA:109,20,0,70
BRDA:109,20,1,4
BRDA:110,21,0,70
BRDA:110,21,1,6
BRDA:111,22,0,70
BRDA:111,22,1,4
BRDA:112,23,0,70
BRDA:112,23,1,6
BRF:38
BRH:26
end_of_record
TN:
SF:src\components\auth\PasswordInput.tsx
FN:12,getPasswordStrength
FN:32,(anonymous_2)
FN:47,(anonymous_3)
FN:47,(anonymous_4)
FN:64,(anonymous_5)
FNF:5
FNH:5
FNDA:63,getPasswordStrength
FNDA:145,(anonymous_2)
FNDA:2,(anonymous_3)
FNDA:2,(anonymous_4)
FNDA:200,(anonymous_5)
DA:3,3
DA:4,3
DA:5,3
DA:6,3
DA:17,63
DA:18,50
DA:19,50
DA:20,50
DA:21,50
DA:22,50
DA:23,50
DA:25,50
DA:26,37
DA:27,25
DA:28,21
DA:31,3
DA:33,145
DA:34,145
DA:47,2
DA:65,200
DA:94,3
DA:96,144
LF:22
LH:22
BRDA:17,0,0,13
BRDA:19,1,0,21
BRDA:20,2,0,1
BRDA:21,3,0,49
BRDA:22,4,0,25
BRDA:23,5,0,37
BRDA:25,6,0,13
BRDA:26,7,0,12
BRDA:27,8,0,4
BRDA:32,9,0,82
BRDA:34,10,0,63
BRDA:34,10,1,82
BRDA:34,11,0,63
BRDA:34,11,1,0
BRDA:40,12,0,1
BRDA:40,12,1,144
BRDA:49,13,0,1
BRDA:49,13,1,144
BRDA:53,14,0,1
BRDA:61,15,0,145
BRDA:61,15,1,63
BRDA:61,15,2,63
BRDA:69,16,0,132
BRDA:69,16,1,68
BRDA:79,17,0,50
BRDA:79,17,1,13
BRDA:80,18,0,50
BRDA:80,18,1,12
BRDA:81,19,0,50
BRDA:81,19,1,4
BRDA:82,20,0,50
BRDA:82,20,1,21
BRF:32
BRH:31
end_of_record
TN:
SF:src\components\calls\ActiveCallScreen.tsx
FN:28,ActiveCallScreen
FN:29,(anonymous_3)
FN:45,(anonymous_4)
FN:52,(anonymous_5)
FN:57,(anonymous_6)
FNF:5
FNH:0
FNDA:0,ActiveCallScreen
FNDA:0,(anonymous_3)
FNDA:0,(anonymous_4)
FNDA:0,(anonymous_5)
FNDA:0,(anonymous_6)
DA:13,0
DA:14,0
DA:15,0
DA:16,0
DA:17,0
DA:18,0
DA:19,0
DA:20,0
DA:21,0
DA:28,0
DA:29,0
DA:44,0
DA:46,0
DA:47,0
DA:52,0
DA:53,0
DA:57,0
DA:58,0
DA:59,0
DA:60,0
DA:61,0
DA:64,0
DA:65,0
DA:66,0
LF:24
LH:0
BRDA:72,0,0,0
BRDA:80,1,0,0
BRDA:84,2,0,0
BRDA:109,3,0,0
BRDA:113,4,0,0
BRDA:126,5,0,0
BRDA:128,6,0,0
BRDA:136,7,0,0
BRDA:140,8,0,0
BRDA:148,9,0,0
BRDA:148,9,1,0
BRDA:150,10,0,0
BRDA:150,10,1,0
BRDA:154,11,0,0
BRDA:154,11,1,0
BRDA:155,12,0,0
BRDA:155,12,1,0
BRF:17
BRH:0
end_of_record
TN:
SF:src\components\calls\CallControls.tsx
FN:15,CallControls
FNF:1
FNH:0
FNDA:0,CallControls
DA:3,0
DA:15,0
LF:2
LH:0
BRDA:30,0,0,0
BRDA:30,0,1,0
BRDA:34,1,0,0
BRDA:34,1,1,0
BRDA:36,2,0,0
BRDA:49,3,0,0
BRDA:49,3,1,0
BRDA:53,4,0,0
BRDA:53,4,1,0
BRDA:57,5,0,0
BRDA:57,5,1,0
BRDA:59,6,0,0
BRDA:64,7,0,0
BRDA:64,7,1,0
BRF:14
BRH:0
end_of_record
TN:
SF:src\components\calls\CallDurationTimer.tsx
FN:10,CallDurationTimer
FN:13,(anonymous_2)
FN:14,(anonymous_3)
FN:17,(anonymous_4)
FNF:4
FNH:0
FNDA:0,CallDurationTimer
FNDA:0,(anonymous_2)
FNDA:0,(anonymous_3)
FNDA:0,(anonymous_4)
DA:3,0
DA:10,0
DA:11,0
DA:13,0
DA:14,0
DA:15,0
DA:16,0
DA:17,0
DA:20,0
DA:21,0
DA:22,0
DA:24,0
LF:12
LH:0
BRDA:10,0,0,0
BRDA:24,1,0,0
BRDA:24,1,1,0
BRF:3
BRH:0
end_of_record
TN:
SF:src\components\calls\CallOverlayManager.tsx
FN:18,(anonymous_5)
FN:18,(anonymous_6)
FN:19,(anonymous_8)
FN:19,(anonymous_9)
FN:20,(anonymous_11)
FN:20,(anonymous_12)
FN:22,CallOverlayManager
FN:23,(anonymous_15)
FN:24,(anonymous_16)
FN:25,(anonymous_17)
FNF:10
FNH:0
FNDA:0,(anonymous_5)
FNDA:0,(anonymous_6)
FNDA:0,(anonymous_8)
FNDA:0,(anonymous_9)
FNDA:0,(anonymous_11)
FNDA:0,(anonymous_12)
FNDA:0,CallOverlayManager
FNDA:0,(anonymous_15)
FNDA:0,(anonymous_16)
FNDA:0,(anonymous_17)
DA:14,0
DA:15,0
DA:18,0
DA:19,0
DA:20,0
DA:22,0
DA:23,0
DA:24,0
DA:25,0
DA:31,0
LF:10
LH:0
BRF:0
BRH:0
end_of_record
TN:
SF:src\components\calls\IncomingCallOverlay.tsx
FN:27,IncomingCallOverlay
FN:28,(anonymous_3)
FN:29,(anonymous_4)
FN:32,(anonymous_5)
FN:40,(anonymous_6)
FN:45,(anonymous_7)
FN:51,(anonymous_8)
FN:60,(anonymous_9)
FN:83,(anonymous_10)
FN:84,(anonymous_11)
FN:89,(anonymous_12)
FNF:11
FNH:0
FNDA:0,IncomingCallOverlay
FNDA:0,(anonymous_3)
FNDA:0,(anonymous_4)
FNDA:0,(anonymous_5)
FNDA:0,(anonymous_6)
FNDA:0,(anonymous_7)
FNDA:0,(anonymous_8)
FNDA:0,(anonymous_9)
FNDA:0,(anonymous_10)
FNDA:0,(anonymous_11)
FNDA:0,(anonymous_12)
DA:11,0
DA:12,0
DA:13,0
DA:14,0
DA:15,0
DA:16,0
DA:17,0
DA:18,0
DA:21,0
DA:27,0
DA:28,0
DA:29,0
DA:31,0
DA:33,0
DA:34,0
DA:38,0
DA:40,0
DA:41,0
DA:42,0
DA:45,0
DA:46,0
DA:47,0
DA:48,0
DA:51,0
DA:52,0
DA:53,0
DA:55,0
DA:57,0
DA:61,0
DA:62,0
DA:65,0
DA:67,0
DA:77,0
DA:83,0
DA:84,0
DA:85,0
DA:87,0
DA:89,0
DA:92,0
DA:93,0
DA:94,0
LF:41
LH:0
BRDA:41,0,0,0
BRDA:53,1,0,0
BRDA:61,2,0,0
BRDA:61,3,0,0
BRDA:61,3,1,0
BRDA:89,4,0,0
BRDA:102,5,0,0
BRDA:103,6,0,0
BRDA:103,6,1,0
BRDA:113,7,0,0
BRF:10
BRH:0
end_of_record
TN:
SF:src\components\calls\OutboundCallOverlay.tsx
FN:23,OutboundCallOverlay
FN:24,(anonymous_3)
FN:27,(anonymous_4)
FN:35,(anonymous_5)
FN:37,(anonymous_6)
FNF:5
FNH:0
FNDA:0,OutboundCallOverlay
FNDA:0,(anonymous_3)
FNDA:0,(anonymous_4)
FNDA:0,(anonymous_5)
FNDA:0,(anonymous_6)
DA:9,0
DA:10,0
DA:11,0
DA:12,0
DA:13,0
DA:14,0
DA:17,0
DA:23,0
DA:24,0
DA:25,0
DA:27,0
DA:28,0
DA:29,0
DA:30,0
DA:31,0
DA:35,0
DA:36,0
DA:37,0
DA:41,0
DA:42,0
DA:43,0
LF:21
LH:0
BRDA:28,0,0,0
BRDA:37,1,0,0
BRDA:50,2,0,0
BRDA:51,3,0,0
BRDA:51,3,1,0
BRDA:60,4,0,0
BRF:6
BRH:0
end_of_record
TN:
SF:src\components\dashboard\Dashboard.tsx
FN:50,DeepLinkHandler
FN:53,(anonymous_3)
FN:54,(anonymous_4)
FN:55,(anonymous_5)
FN:59,(anonymous_6)
FN:65,(anonymous_7)
FN:73,(anonymous_8)
FN:74,(anonymous_9)
FN:84,Dashboard
FN:85,(anonymous_11)
FNF:10
FNH:0
FNDA:0,DeepLinkHandler
FNDA:0,(anonymous_3)
FNDA:0,(anonymous_4)
FNDA:0,(anonymous_5)
FNDA:0,(anonymous_6)
FNDA:0,(anonymous_7)
FNDA:0,(anonymous_8)
FNDA:0,(anonymous_9)
FNDA:0,Dashboard
FNDA:0,(anonymous_11)
DA:3,0
DA:4,0
DA:5,0
DA:6,0
DA:7,0
DA:8,0
DA:9,0
DA:10,0
DA:11,0
DA:12,0
DA:13,0
DA:14,0
DA:15,0
DA:16,0
DA:17,0
DA:18,0
DA:22,0
DA:51,0
DA:52,0
DA:53,0
DA:54,0
DA:55,0
DA:58,0
DA:59,0
DA:60,0
DA:65,0
DA:66,0
DA:67,0
DA:68,0
DA:70,0
DA:71,0
DA:72,0
DA:73,0
DA:77,0
DA:84,0
DA:85,0
DA:86,0
DA:89,0
LF:38
LH:0
BRDA:66,0,0,0
BRDA:66,1,0,0
BRDA:66,1,1,0
BRDA:86,2,0,0
BRDA:86,2,1,0
BRDA:89,3,0,0
BRDA:89,4,0,0
BRDA:89,4,1,0
BRDA:100,5,0,0
BRDA:100,5,1,0
BRF:10
BRH:0
end_of_record
TN:
SF:src\components\feed\InfiniteFeed.tsx
FN:15,InfiniteFeed
FN:39,(anonymous_3)
FN:42,(anonymous_4)
FN:48,(anonymous_5)
FN:51,(anonymous_6)
FN:65,(anonymous_7)
FN:72,(anonymous_8)
FN:81,(anonymous_9)
FN:94,(anonymous_10)
FN:100,(anonymous_11)
FN:105,(anonymous_12)
FN:114,(anonymous_13)
FN:120,(anonymous_14)
FN:136,(anonymous_15)
FN:195,(anonymous_16)
FN:208,(anonymous_17)
FN:226,(anonymous_18)
FNF:17
FNH:8
FNDA:13,InfiniteFeed
FNDA:7,(anonymous_3)
FNDA:12,(anonymous_4)
FNDA:4,(anonymous_5)
FNDA:11,(anonymous_6)
FNDA:0,(anonymous_7)
FNDA:0,(anonymous_8)
FNDA:0,(anonymous_9)
FNDA:0,(anonymous_10)
FNDA:7,(anonymous_11)
FNDA:0,(anonymous_12)
FNDA:0,(anonymous_13)
FNDA:21,(anonymous_14)
FNDA:0,(anonymous_15)
FNDA:3,(anonymous_16)
FNDA:0,(anonymous_17)
FNDA:0,(anonymous_18)
DA:3,1
DA:4,1
DA:5,1
DA:6,1
DA:7,1
DA:8,1
DA:9,1
DA:10,1
DA:13,1
DA:15,7
DA:16,13
DA:17,13
DA:20,13
DA:21,13
DA:22,13
DA:23,13
DA:26,13
DA:27,13
DA:37,13
DA:40,7
DA:43,12
DA:48,13
DA:51,13
DA:52,11
DA:53,11
DA:54,3
DA:55,3
DA:56,3
DA:58,0
DA:59,0
DA:60,0
DA:65,13
DA:66,0
DA:67,0
DA:68,0
DA:72,13
DA:73,0
DA:74,0
DA:75,0
DA:77,0
DA:81,13
DA:82,0
DA:83,0
DA:84,0
DA:85,0
DA:86,0
DA:87,0
DA:88,0
DA:90,0
DA:94,13
DA:95,0
DA:96,0
DA:100,13
DA:101,7
DA:102,7
DA:104,0
DA:106,0
DA:107,0
DA:113,0
DA:114,0
DA:117,13
DA:121,21
DA:127,6
DA:136,0
DA:145,4
DA:159,3
DA:160,3
DA:196,3
DA:209,0
DA:226,0
LF:70
LH:42
BRDA:43,0,0,0
BRDA:43,0,1,12
BRDA:43,1,0,0
BRDA:43,1,1,0
BRDA:48,2,0,13
BRDA:48,2,1,9
BRDA:53,3,0,8
BRDA:54,4,0,3
BRDA:58,5,0,0
BRDA:66,6,0,0
BRDA:73,7,0,0
BRDA:73,8,0,0
BRDA:73,8,1,0
BRDA:75,9,0,0
BRDA:82,10,0,0
BRDA:84,11,0,0
BRDA:84,11,1,0
BRDA:84,12,0,0
BRDA:84,12,1,0
BRDA:102,13,0,7
BRDA:106,14,0,0
BRDA:106,15,0,0
BRDA:106,15,1,0
BRDA:106,15,2,0
BRDA:117,16,0,7
BRDA:127,17,0,2
BRDA:145,18,0,1
BRDA:145,19,0,4
BRDA:145,19,1,4
BRDA:159,20,0,3
BRDA:159,20,1,3
BRDA:165,21,0,3
BRDA:180,22,0,0
BRDA:180,22,1,3
BRDA:180,23,0,3
BRDA:180,23,1,0
BRDA:183,24,0,3
BRDA:187,25,0,0
BRDA:187,25,1,0
BRDA:187,26,0,0
BRDA:187,26,1,0
BRDA:189,27,0,0
BRDA:189,27,1,0
BRDA:206,28,0,3
BRDA:214,29,0,3
BRDA:214,29,1,3
BRDA:223,30,0,3
BRF:47
BRH:21
end_of_record
TN:
SF:src\components\layout\AppShell.tsx
FN:23,AppShell
FNF:1
FNH:0
FNDA:0,AppShell
DA:3,0
DA:4,0
DA:5,0
DA:6,0
DA:7,0
DA:8,0
DA:9,0
DA:23,0
LF:8
LH:0
BRF:0
BRH:0
end_of_record
TN:
SF:src\components\layout\BottomNav.tsx
FN:22,BottomNav
FN:31,(anonymous_2)
FN:38,(anonymous_3)
FNF:3
FNH:0
FNDA:0,BottomNav
FNDA:0,(anonymous_2)
FNDA:0,(anonymous_3)
DA:3,0
DA:4,0
DA:5,0
DA:13,0
DA:22,0
DA:23,0
DA:32,0
DA:33,0
DA:35,0
DA:38,0
LF:10
LH:0
BRDA:33,0,0,0
BRDA:33,0,1,0
BRDA:41,1,0,0
BRDA:41,1,1,0
BRDA:47,2,0,0
BRDA:47,2,1,0
BRDA:49,3,0,0
BRDA:49,3,1,0
BRDA:51,4,0,0
BRDA:53,5,0,0
BRDA:53,5,1,0
BRDA:60,6,0,0
BRDA:60,6,1,0
BRF:13
BRH:0
end_of_record
TN:
SF:src\components\layout\DesktopShell.tsx
FN:23,DesktopShell
FNF:1
FNH:0
FNDA:0,DesktopShell
DA:3,0
DA:4,0
DA:23,0
LF:3
LH:0
BRF:0
BRH:0
end_of_record
TN:
SF:src\components\layout\DesktopSideNav.tsx
FN:36,DesktopSideNav
FN:44,(anonymous_3)
FN:59,(anonymous_4)
FN:68,(anonymous_5)
FN:100,(anonymous_6)
FNF:5
FNH:0
FNDA:0,DesktopSideNav
FNDA:0,(anonymous_3)
FNDA:0,(anonymous_4)
FNDA:0,(anonymous_5)
FNDA:0,(anonymous_6)
DA:3,0
DA:15,0
DA:16,0
DA:17,0
DA:25,0
DA:36,0
DA:38,0
DA:44,0
DA:60,0
DA:62,0
DA:65,0
DA:68,0
DA:100,0
LF:13
LH:0
BRDA:62,0,0,0
BRDA:62,0,1,0
BRDA:63,1,0,0
BRDA:63,1,1,0
BRDA:71,2,0,0
BRDA:71,2,1,0
BRDA:75,3,0,0
BRDA:75,3,1,0
BRDA:81,4,0,0
BRDA:81,4,1,0
BRDA:83,5,0,0
BRDA:83,5,1,0
BRDA:85,6,0,0
BRDA:87,7,0,0
BRDA:87,7,1,0
BRF:15
BRH:0
end_of_record
TN:
SF:src\components\layout\MobileShell.tsx
FN:8,MobileShell
FNF:1
FNH:0
FNDA:0,MobileShell
DA:3,0
DA:4,0
DA:8,0
LF:3
LH:0
BRF:0
BRH:0
end_of_record
TN:
SF:src\components\layout\NotificationPermissionBanner.tsx
FN:23,NotificationPermissionBanner
FN:24,(anonymous_2)
FN:28,(anonymous_3)
FN:34,(anonymous_4)
FN:39,(anonymous_5)
FNF:5
FNH:0
FNDA:0,NotificationPermissionBanner
FNDA:0,(anonymous_2)
FNDA:0,(anonymous_3)
FNDA:0,(anonymous_4)
FNDA:0,(anonymous_5)
DA:3,0
DA:4,0
DA:5,0
DA:6,0
DA:8,0
DA:23,0
DA:24,0
DA:25,0
DA:26,0
DA:28,0
DA:30,0
DA:31,0
DA:34,0
DA:35,0
DA:36,0
DA:39,0
DA:40,0
DA:41,0
DA:45,0
LF:19
LH:0
BRDA:45,0,0,0
BRDA:45,1,0,0
BRDA:45,1,1,0
BRDA:45,1,2,0
BRF:4
BRH:0
end_of_record
TN:
SF:src\components\layout\RightPanel.tsx
FN:13,RightPanel
FN:14,(anonymous_3)
FN:15,(anonymous_4)
FN:19,(anonymous_5)
FN:34,(anonymous_6)
FN:49,(anonymous_7)
FN:54,(anonymous_8)
FN:94,(anonymous_9)
FN:124,(anonymous_10)
FNF:9
FNH:0
FNDA:0,RightPanel
FNDA:0,(anonymous_3)
FNDA:0,(anonymous_4)
FNDA:0,(anonymous_5)
FNDA:0,(anonymous_6)
FNDA:0,(anonymous_7)
FNDA:0,(anonymous_8)
FNDA:0,(anonymous_9)
FNDA:0,(anonymous_10)
DA:3,0
DA:4,0
DA:5,0
DA:6,0
DA:7,0
DA:8,0
DA:9,0
DA:10,0
DA:11,0
DA:13,0
DA:14,0
DA:15,0
DA:17,0
DA:19,0
DA:35,0
DA:50,0
DA:51,0
DA:54,0
DA:94,0
DA:124,0
LF:20
LH:0
BRDA:33,0,0,0
BRDA:46,1,0,0
BRDA:45,2,0,0
BRDA:45,2,1,0
BRDA:59,3,0,0
BRDA:75,4,0,0
BRDA:80,5,0,0
BRDA:83,6,0,0
BRDA:83,6,1,0
BRDA:102,7,0,0
BRDA:114,8,0,0
BRF:11
BRH:0
end_of_record
TN:
SF:src\components\layout\SideNav.tsx
FN:37,SideNav
FN:70,(anonymous_3)
FN:107,(anonymous_4)
FNF:3
FNH:0
FNDA:0,SideNav
FNDA:0,(anonymous_3)
FNDA:0,(anonymous_4)
DA:3,0
DA:4,0
DA:5,0
DA:14,0
DA:15,0
DA:16,0
DA:24,0
DA:37,0
DA:38,0
DA:39,0
DA:71,0
DA:73,0
DA:76,0
DA:107,0
LF:14
LH:0
BRDA:71,0,0,0
BRDA:71,0,1,0
BRDA:73,1,0,0
BRDA:73,1,1,0
BRDA:74,2,0,0
BRDA:74,2,1,0
BRDA:82,3,0,0
BRDA:82,3,1,0
BRDA:86,4,0,0
BRDA:86,4,1,0
BRDA:90,5,0,0
BRDA:90,5,1,0
BRDA:91,6,0,0
BRDA:91,6,1,0
BRDA:93,7,0,0
BRDA:95,8,0,0
BRDA:95,8,1,0
BRF:17
BRH:0
end_of_record
TN:
SF:src\components\layout\SocketInitializer.tsx
FN:13,SocketInitializer
FNF:1
FNH:0
FNDA:0,SocketInitializer
DA:3,0
DA:4,0
DA:5,0
DA:6,0
DA:13,0
DA:14,0
DA:15,0
DA:16,0
DA:17,0
DA:18,0
LF:10
LH:0
BRF:0
BRH:0
end_of_record
TN:
SF:src\components\layout\TopBar.tsx
FN:20,TopBar
FN:38,(anonymous_3)
FN:56,(anonymous_4)
FNF:3
FNH:0
FNDA:0,TopBar
FNDA:0,(anonymous_3)
FNDA:0,(anonymous_4)
DA:3,0
DA:4,0
DA:5,0
DA:6,0
DA:8,0
DA:20,0
DA:21,0
DA:22,0
DA:23,0
DA:38,0
DA:56,0
LF:11
LH:0
BRDA:36,0,0,0
BRDA:36,0,1,0
BRDA:46,1,0,0
BRDA:49,2,0,0
BRDA:49,2,1,0
BRDA:58,3,0,0
BRDA:58,3,1,0
BRDA:61,4,0,0
BRDA:63,5,0,0
BRDA:63,5,1,0
BRF:10
BRH:0
end_of_record
TN:
SF:src\components\marketplace\ApplicationStatus.tsx
FN:9,ApplicationStatus
FN:46,(anonymous_2)
FN:147,(anonymous_3)
FN:156,(anonymous_4)
FNF:4
FNH:0
FNDA:0,ApplicationStatus
FNDA:0,(anonymous_2)
FNDA:0,(anonymous_3)
FNDA:0,(anonymous_4)
DA:3,0
DA:4,0
DA:5,0
DA:6,0
DA:7,0
DA:9,0
DA:10,0
DA:12,0
DA:17,0
DA:32,0
DA:46,0
DA:56,0
DA:57,0
DA:58,0
DA:147,0
DA:156,0
LF:16
LH:0
BRDA:17,0,0,0
BRDA:32,1,0,0
BRDA:73,2,0,0
BRDA:73,2,1,0
BRDA:74,3,0,0
BRDA:74,3,1,0
BRDA:75,4,0,0
BRDA:75,4,1,0
BRDA:77,5,0,0
BRDA:78,6,0,0
BRDA:79,7,0,0
BRDA:83,8,0,0
BRDA:92,9,0,0
BRDA:101,10,0,0
BRDA:104,11,0,0
BRDA:123,12,0,0
BRDA:135,13,0,0
BRDA:135,13,1,0
BRDA:136,14,0,0
BRDA:136,14,1,0
BRDA:137,15,0,0
BRDA:137,15,1,0
BRDA:145,16,0,0
BRDA:154,17,0,0
BRF:24
BRH:0
end_of_record
TN:
SF:src\components\marketplace\CategoryChips.tsx
FN:21,CategoryChips
FN:28,(anonymous_4)
FN:33,(anonymous_5)
FNF:3
FNH:3
FNDA:18,CategoryChips
FNDA:144,(anonymous_4)
FNDA:2,(anonymous_5)
DA:3,2
DA:5,2
DA:21,18
DA:29,144
DA:30,144
DA:33,2
DA:50,0
LF:7
LH:6
BRDA:36,0,0,18
BRDA:36,0,1,126
BRF:2
BRH:2
end_of_record
TN:
SF:src\components\marketplace\CreateListingForm.tsx
FN:31,CreateListingForm
FN:46,(anonymous_3)
FN:49,(anonymous_4)
FN:54,(anonymous_5)
FN:57,(anonymous_6)
FN:64,(anonymous_7)
FN:65,(anonymous_8)
FN:67,(anonymous_9)
FN:71,(anonymous_10)
FN:73,(anonymous_11)
FN:73,(anonymous_12)
FN:74,(anonymous_13)
FN:74,(anonymous_14)
FN:97,(anonymous_15)
FN:102,(anonymous_16)
FN:111,(anonymous_17)
FN:125,(anonymous_18)
FN:137,(anonymous_19)
FN:148,(anonymous_20)
FN:151,(anonymous_21)
FN:169,(anonymous_22)
FN:172,(anonymous_23)
FN:202,(anonymous_24)
FN:215,(anonymous_25)
FN:228,(anonymous_26)
FNF:25
FNH:0
FNDA:0,CreateListingForm
FNDA:0,(anonymous_3)
FNDA:0,(anonymous_4)
FNDA:0,(anonymous_5)
FNDA:0,(anonymous_6)
FNDA:0,(anonymous_7)
FNDA:0,(anonymous_8)
FNDA:0,(anonymous_9)
FNDA:0,(anonymous_10)
FNDA:0,(anonymous_11)
FNDA:0,(anonymous_12)
FNDA:0,(anonymous_13)
FNDA:0,(anonymous_14)
FNDA:0,(anonymous_15)
FNDA:0,(anonymous_16)
FNDA:0,(anonymous_17)
FNDA:0,(anonymous_18)
FNDA:0,(anonymous_19)
FNDA:0,(anonymous_20)
FNDA:0,(anonymous_21)
FNDA:0,(anonymous_22)
FNDA:0,(anonymous_23)
FNDA:0,(anonymous_24)
FNDA:0,(anonymous_25)
FNDA:0,(anonymous_26)
DA:3,0
DA:4,0
DA:5,0
DA:6,0
DA:7,0
DA:8,0
DA:9,0
DA:10,0
DA:12,0
DA:22,0
DA:29,0
DA:31,0
DA:32,0
DA:33,0
DA:34,0
DA:36,0
DA:37,0
DA:38,0
DA:39,0
DA:40,0
DA:41,0
DA:42,0
DA:43,0
DA:45,0
DA:47,0
DA:50,0
DA:51,0
DA:52,0
DA:54,0
DA:57,0
DA:58,0
DA:59,0
DA:60,0
DA:61,0
DA:63,0
DA:64,0
DA:65,0
DA:66,0
DA:67,0
DA:71,0
DA:72,0
DA:73,0
DA:74,0
DA:77,0
DA:78,0
DA:98,0
DA:102,0
DA:111,0
DA:125,0
DA:137,0
DA:149,0
DA:151,0
DA:170,0
DA:172,0
DA:202,0
DA:215,0
DA:228,0
LF:57
LH:0
BRDA:47,0,0,0
BRDA:47,0,1,0
BRDA:48,1,0,0
BRDA:48,1,1,0
BRDA:54,2,0,0
BRDA:54,2,1,0
BRDA:59,3,0,0
BRDA:78,4,0,0
BRDA:78,4,1,0
BRDA:78,4,2,0
BRDA:109,5,0,0
BRDA:125,6,0,0
BRDA:125,6,1,0
BRDA:151,7,0,0
BRDA:154,8,0,0
BRDA:154,8,1,0
BRDA:175,9,0,0
BRDA:175,9,1,0
BRDA:187,10,0,0
BRDA:229,11,0,0
BRDA:229,11,1,0
BRDA:232,12,0,0
BRDA:233,13,0,0
BRDA:233,13,1,0
BRF:24
BRH:0
end_of_record
TN:
SF:src\components\marketplace\EditListingForm.tsx
FN:35,EditListingForm
FN:48,(anonymous_3)
FN:58,(anonymous_4)
FN:63,(anonymous_5)
FN:90,(anonymous_6)
FN:100,(anonymous_7)
FN:103,(anonymous_8)
FN:121,(anonymous_9)
FN:124,(anonymous_10)
FN:142,(anonymous_11)
FN:145,(anonymous_12)
FN:170,(anonymous_13)
FN:180,(anonymous_14)
FN:191,(anonymous_15)
FNF:14
FNH:0
FNDA:0,EditListingForm
FNDA:0,(anonymous_3)
FNDA:0,(anonymous_4)
FNDA:0,(anonymous_5)
FNDA:0,(anonymous_6)
FNDA:0,(anonymous_7)
FNDA:0,(anonymous_8)
FNDA:0,(anonymous_9)
FNDA:0,(anonymous_10)
FNDA:0,(anonymous_11)
FNDA:0,(anonymous_12)
FNDA:0,(anonymous_13)
FNDA:0,(anonymous_14)
FNDA:0,(anonymous_15)
DA:3,0
DA:4,0
DA:5,0
DA:6,0
DA:7,0
DA:8,0
DA:9,0
DA:10,0
DA:12,0
DA:22,0
DA:29,0
DA:35,0
DA:36,0
DA:37,0
DA:39,0
DA:40,0
DA:41,0
DA:42,0
DA:43,0
DA:44,0
DA:45,0
DA:47,0
DA:49,0
DA:59,0
DA:60,0
DA:61,0
DA:63,0
DA:66,0
DA:68,0
DA:69,0
DA:70,0
DA:90,0
DA:101,0
DA:103,0
DA:122,0
DA:124,0
DA:143,0
DA:145,0
DA:170,0
DA:180,0
DA:191,0
LF:41
LH:0
BRDA:39,0,0,0
BRDA:39,0,1,0
BRDA:40,1,0,0
BRDA:40,1,1,0
BRDA:41,2,0,0
BRDA:41,2,1,0
BRDA:42,3,0,0
BRDA:42,3,1,0
BRDA:43,4,0,0
BRDA:43,4,1,0
BRDA:44,5,0,0
BRDA:44,5,1,0
BRDA:45,6,0,0
BRDA:45,6,1,0
BRDA:54,7,0,0
BRDA:54,7,1,0
BRDA:54,8,0,0
BRDA:54,8,1,0
BRDA:55,9,0,0
BRDA:55,9,1,0
BRDA:63,10,0,0
BRDA:63,10,1,0
BRDA:68,11,0,0
BRDA:106,12,0,0
BRDA:106,12,1,0
BRDA:124,13,0,0
BRDA:127,14,0,0
BRDA:127,14,1,0
BRDA:148,15,0,0
BRDA:148,15,1,0
BRDA:160,16,0,0
BRDA:192,17,0,0
BRDA:192,17,1,0
BRDA:192,17,2,0
BRDA:195,18,0,0
BRDA:196,19,0,0
BRDA:196,19,1,0
BRF:37
BRH:0
end_of_record
TN:
SF:src\components\marketplace\FilterSheet.tsx
FN:33,FilterSheet
FN:38,(anonymous_3)
FN:39,(anonymous_4)
FN:45,(anonymous_5)
FN:50,(anonymous_6)
FN:82,(anonymous_7)
FN:85,(anonymous_8)
FN:103,(anonymous_9)
FN:106,(anonymous_10)
FN:127,(anonymous_11)
FN:127,(anonymous_12)
FN:132,(anonymous_13)
FN:132,(anonymous_14)
FNF:13
FNH:1
FNDA:14,FilterSheet
FNDA:0,(anonymous_3)
FNDA:0,(anonymous_4)
FNDA:0,(anonymous_5)
FNDA:0,(anonymous_6)
FNDA:0,(anonymous_7)
FNDA:0,(anonymous_8)
FNDA:0,(anonymous_9)
FNDA:0,(anonymous_10)
FNDA:0,(anonymous_11)
FNDA:0,(anonymous_12)
FNDA:0,(anonymous_13)
FNDA:0,(anonymous_14)
DA:3,1
DA:4,1
DA:5,1
DA:7,1
DA:9,1
DA:16,1
DA:33,14
DA:34,14
DA:36,14
DA:38,0
DA:39,0
DA:45,0
DA:46,0
DA:47,0
DA:50,0
DA:51,0
DA:52,0
DA:53,0
DA:83,0
DA:85,0
DA:104,0
DA:106,0
DA:127,0
DA:132,0
LF:24
LH:9
BRDA:36,0,0,14
BRDA:41,1,0,0
BRDA:41,1,1,0
BRDA:88,2,0,0
BRDA:88,2,1,0
BRDA:109,3,0,0
BRDA:109,3,1,0
BRDA:126,4,0,0
BRDA:126,4,1,0
BRDA:127,5,0,0
BRDA:127,5,1,0
BRDA:131,6,0,0
BRDA:131,6,1,0
BRDA:132,7,0,0
BRDA:132,7,1,0
BRF:15
BRH:1
end_of_record
TN:
SF:src\components\marketplace\ImageGallery.tsx
FN:12,ImageGallery
FN:24,(anonymous_3)
FN:24,(anonymous_4)
FN:25,(anonymous_5)
FN:25,(anonymous_6)
FN:37,(anonymous_7)
FN:60,(anonymous_8)
FN:63,(anonymous_9)
FN:78,(anonymous_10)
FN:81,(anonymous_11)
FN:96,(anonymous_12)
FN:100,(anonymous_13)
FN:108,(anonymous_14)
FN:122,(anonymous_15)
FN:128,(anonymous_16)
FNF:15
FNH:0
FNDA:0,ImageGallery
FNDA:0,(anonymous_3)
FNDA:0,(anonymous_4)
FNDA:0,(anonymous_5)
FNDA:0,(anonymous_6)
FNDA:0,(anonymous_7)
FNDA:0,(anonymous_8)
FNDA:0,(anonymous_9)
FNDA:0,(anonymous_10)
FNDA:0,(anonymous_11)
FNDA:0,(anonymous_12)
FNDA:0,(anonymous_13)
FNDA:0,(anonymous_14)
FNDA:0,(anonymous_15)
FNDA:0,(anonymous_16)
DA:3,0
DA:4,0
DA:5,0
DA:12,0
DA:13,0
DA:14,0
DA:16,0
DA:24,0
DA:25,0
DA:37,0
DA:61,0
DA:63,0
DA:79,0
DA:81,0
DA:96,0
DA:100,0
DA:108,0
DA:122,0
DA:128,0
LF:19
LH:0
BRDA:16,0,0,0
BRDA:41,1,0,0
BRDA:65,2,0,0
BRDA:65,2,1,0
BRDA:76,3,0,0
BRDA:83,4,0,0
BRDA:83,4,1,0
BRDA:93,5,0,0
BRDA:119,6,0,0
BRF:9
BRH:0
end_of_record
TN:
SF:src\components\marketplace\ListingCard.tsx
FN:20,ListingCard
FN:27,(anonymous_3)
FNF:2
FNH:2
FNDA:10,ListingCard
FNDA:1,(anonymous_3)
DA:3,2
DA:4,2
DA:6,2
DA:13,2
DA:20,10
DA:21,10
DA:22,10
DA:27,1
LF:8
LH:8
BRDA:33,0,0,0
BRDA:47,1,0,10
BRDA:54,2,0,10
BRDA:73,3,0,9
BRDA:81,4,0,10
BRF:5
BRH:4
end_of_record
TN:
SF:src\components\marketplace\ListingDetail.tsx
FN:25,ListingDetail
FN:28,(anonymous_3)
FN:29,(anonymous_4)
FN:35,(anonymous_5)
FN:41,(anonymous_6)
FN:42,(anonymous_7)
FN:49,(anonymous_8)
FN:53,(anonymous_9)
FN:54,(anonymous_10)
FN:59,(anonymous_11)
FN:62,(anonymous_12)
FN:111,(anonymous_13)
FN:111,(anonymous_14)
FN:118,(anonymous_15)
FN:121,(anonymous_16)
FN:127,(anonymous_17)
FN:200,(anonymous_18)
FN:234,(anonymous_19)
FN:254,(anonymous_20)
FN:260,(anonymous_21)
FNF:20
FNH:0
FNDA:0,ListingDetail
FNDA:0,(anonymous_3)
FNDA:0,(anonymous_4)
FNDA:0,(anonymous_5)
FNDA:0,(anonymous_6)
FNDA:0,(anonymous_7)
FNDA:0,(anonymous_8)
FNDA:0,(anonymous_9)
FNDA:0,(anonymous_10)
FNDA:0,(anonymous_11)
FNDA:0,(anonymous_12)
FNDA:0,(anonymous_13)
FNDA:0,(anonymous_14)
FNDA:0,(anonymous_15)
FNDA:0,(anonymous_16)
FNDA:0,(anonymous_17)
FNDA:0,(anonymous_18)
FNDA:0,(anonymous_19)
FNDA:0,(anonymous_20)
FNDA:0,(anonymous_21)
DA:3,0
DA:4,0
DA:8,0
DA:9,0
DA:10,0
DA:11,0
DA:12,0
DA:13,0
DA:14,0
DA:15,0
DA:16,0
DA:18,0
DA:25,0
DA:26,0
DA:27,0
DA:28,0
DA:29,0
DA:30,0
DA:31,0
DA:33,0
DA:35,0
DA:40,0
DA:41,0
DA:43,0
DA:44,0
DA:47,0
DA:49,0
DA:52,0
DA:53,0
DA:55,0
DA:56,0
DA:57,0
DA:59,0
DA:62,0
DA:63,0
DA:64,0
DA:65,0
DA:66,0
DA:68,0
DA:69,0
DA:73,0
DA:90,0
DA:91,0
DA:92,0
DA:111,0
DA:118,0
DA:121,0
DA:127,0
DA:200,0
DA:234,0
DA:254,0
DA:260,0
LF:52
LH:0
BRDA:37,0,0,0
BRDA:37,0,1,0
BRDA:63,1,0,0
BRDA:64,2,0,0
BRDA:64,2,1,0
BRDA:65,3,0,0
BRDA:65,3,1,0
BRDA:73,4,0,0
BRDA:73,5,0,0
BRDA:73,5,1,0
BRDA:108,6,0,0
BRDA:116,7,0,0
BRDA:153,8,0,0
BRDA:158,9,0,0
BRDA:169,10,0,0
BRDA:179,11,0,0
BRDA:203,12,0,0
BRDA:218,13,0,0
BRDA:231,14,0,0
BRDA:231,14,1,0
BRDA:239,15,0,0
BRDA:239,15,1,0
BRDA:245,16,0,0
BRF:23
BRH:0
end_of_record
TN:
SF:src\components\marketplace\MarketplaceHome.tsx
FN:15,MarketplaceHome
FN:30,(anonymous_3)
FN:33,(anonymous_4)
FN:36,(anonymous_5)
FN:38,(anonymous_6)
FN:58,(anonymous_7)
FN:73,(anonymous_8)
FN:79,(anonymous_9)
FN:103,(anonymous_10)
FN:133,(anonymous_11)
FN:145,(anonymous_12)
FN:157,(anonymous_13)
FN:172,(anonymous_14)
FN:182,(anonymous_15)
FN:184,(anonymous_16)
FNF:15
FNH:6
FNDA:14,MarketplaceHome
FNDA:10,(anonymous_3)
FNDA:14,(anonymous_4)
FNDA:3,(anonymous_5)
FNDA:0,(anonymous_6)
FNDA:0,(anonymous_7)
FNDA:0,(anonymous_8)
FNDA:0,(anonymous_9)
FNDA:60,(anonymous_10)
FNDA:0,(anonymous_11)
FNDA:2,(anonymous_12)
FNDA:0,(anonymous_13)
FNDA:0,(anonymous_14)
FNDA:0,(anonymous_15)
FNDA:0,(anonymous_16)
DA:3,1
DA:4,1
DA:5,1
DA:6,1
DA:7,1
DA:11,1
DA:12,1
DA:13,1
DA:15,10
DA:16,14
DA:17,14
DA:18,14
DA:19,14
DA:21,14
DA:28,14
DA:31,10
DA:33,14
DA:36,14
DA:38,14
DA:39,0
DA:43,14
DA:58,0
DA:73,0
DA:79,0
DA:104,60
DA:133,0
DA:146,2
DA:157,0
DA:172,0
DA:182,0
DA:184,0
LF:31
LH:22
BRDA:23,0,0,0
BRDA:23,0,1,14
BRDA:24,1,0,0
BRDA:24,1,1,14
BRDA:33,2,0,0
BRDA:33,2,1,14
BRDA:36,3,0,14
BRDA:36,3,1,11
BRDA:43,4,0,14
BRDA:43,4,1,14
BRDA:43,4,2,14
BRDA:82,5,0,0
BRDA:82,5,1,14
BRDA:89,6,0,14
BRDA:101,7,0,14
BRDA:115,8,0,14
BRDA:122,9,0,14
BRDA:122,9,1,4
BRDA:122,9,2,3
BRDA:127,10,0,0
BRDA:127,10,1,1
BRDA:127,11,0,1
BRDA:127,11,1,1
BRDA:127,11,2,1
BRDA:131,12,0,1
BRDA:131,12,1,1
BRDA:142,13,0,14
BRDA:142,13,1,4
BRDA:154,14,0,2
BRDA:161,15,0,0
BRDA:161,15,1,0
BRF:31
BRH:24
end_of_record
TN:
SF:src\components\marketplace\MarketplaceSection.tsx
FN:24,MarketplaceSection
FN:25,(anonymous_3)
FN:40,(anonymous_4)
FNF:3
FNH:0
FNDA:0,MarketplaceSection
FNDA:0,(anonymous_3)
FNDA:0,(anonymous_4)
DA:3,0
DA:4,0
DA:5,0
DA:6,0
DA:7,0
DA:8,0
DA:9,0
DA:10,0
DA:11,0
DA:12,0
DA:13,0
DA:14,0
DA:15,0
DA:24,0
DA:25,0
DA:26,0
DA:29,0
DA:36,0
DA:37,0
DA:40,0
DA:41,0
DA:42,0
DA:46,0
DA:48,0
DA:51,0
DA:53,0
DA:55,0
DA:57,0
DA:59,0
DA:61,0
LF:30
LH:0
BRDA:41,0,0,0
BRDA:41,1,0,0
BRDA:41,1,1,0
BRDA:42,2,0,0
BRDA:42,2,1,0
BRDA:46,3,0,0
BRDA:46,3,1,0
BRDA:46,3,2,0
BRDA:46,3,3,0
BRDA:46,3,4,0
BRDA:46,3,5,0
BRDA:46,3,6,0
BRF:12
BRH:0
end_of_record
TN:
SF:src\components\marketplace\MyListings.tsx
FN:19,MyListings
FN:26,(anonymous_3)
FN:29,(anonymous_4)
FN:33,(anonymous_5)
FN:34,(anonymous_6)
FN:38,(anonymous_7)
FN:41,(anonymous_8)
FN:52,(anonymous_9)
FN:62,(anonymous_10)
FN:81,(anonymous_11)
FN:91,(anonymous_12)
FN:98,(anonymous_13)
FN:119,(anonymous_14)
FN:142,(anonymous_15)
FN:142,(anonymous_16)
FN:149,(anonymous_17)
FN:162,(anonymous_18)
FNF:17
FNH:0
FNDA:0,MyListings
FNDA:0,(anonymous_3)
FNDA:0,(anonymous_4)
FNDA:0,(anonymous_5)
FNDA:0,(anonymous_6)
FNDA:0,(anonymous_7)
FNDA:0,(anonymous_8)
FNDA:0,(anonymous_9)
FNDA:0,(anonymous_10)
FNDA:0,(anonymous_11)
FNDA:0,(anonymous_12)
FNDA:0,(anonymous_13)
FNDA:0,(anonymous_14)
FNDA:0,(anonymous_15)
FNDA:0,(anonymous_16)
FNDA:0,(anonymous_17)
FNDA:0,(anonymous_18)
DA:3,0
DA:4,0
DA:5,0
DA:6,0
DA:7,0
DA:8,0
DA:9,0
DA:12,0
DA:19,0
DA:20,0
DA:21,0
DA:24,0
DA:27,0
DA:29,0
DA:32,0
DA:33,0
DA:35,0
DA:36,0
DA:38,0
DA:41,0
DA:52,0
DA:63,0
DA:81,0
DA:92,0
DA:98,0
DA:119,0
DA:142,0
DA:149,0
DA:162,0
LF:29
LH:0
BRDA:29,0,0,0
BRDA:29,0,1,0
BRDA:41,1,0,0
BRDA:41,1,1,0
BRDA:60,2,0,0
BRDA:75,3,0,0
BRDA:75,3,1,0
BRDA:89,4,0,0
BRDA:89,4,1,0
BRDA:102,5,0,0
BRDA:125,6,0,0
BRDA:125,6,1,0
BRDA:147,7,0,0
BRDA:153,8,0,0
BRDA:153,8,1,0
BRDA:160,9,0,0
BRDA:166,10,0,0
BRDA:166,10,1,0
BRF:18
BRH:0
end_of_record
TN:
SF:src\components\marketplace\PriceInput.tsx
FN:17,PriceInput
FN:27,(anonymous_2)
FNF:2
FNH:2
FNDA:6,PriceInput
FNDA:2,(anonymous_2)
DA:3,2
DA:17,6
DA:25,6
DA:27,6
DA:28,2
DA:29,2
DA:32,6
LF:7
LH:7
BRDA:20,0,0,4
BRDA:21,1,0,6
BRDA:22,2,0,5
BRDA:23,3,0,6
BRDA:32,4,0,1
BRDA:32,4,1,5
BRDA:38,5,0,6
BRDA:41,6,0,6
BRF:8
BRH:8
end_of_record
TN:
SF:src\components\marketplace\SellerApplicationForm.tsx
FN:10,SellerApplicationForm
FN:18,(anonymous_2)
FN:19,(anonymous_3)
FN:24,(anonymous_4)
FN:27,(anonymous_5)
FN:68,(anonymous_6)
FN:81,(anonymous_7)
FN:122,(anonymous_8)
FN:135,(anonymous_9)
FNF:9
FNH:0
FNDA:0,SellerApplicationForm
FNDA:0,(anonymous_2)
FNDA:0,(anonymous_3)
FNDA:0,(anonymous_4)
FNDA:0,(anonymous_5)
FNDA:0,(anonymous_6)
FNDA:0,(anonymous_7)
FNDA:0,(anonymous_8)
FNDA:0,(anonymous_9)
DA:3,0
DA:4,0
DA:5,0
DA:6,0
DA:7,0
DA:8,0
DA:10,0
DA:11,0
DA:12,0
DA:13,0
DA:14,0
DA:15,0
DA:17,0
DA:18,0
DA:20,0
DA:21,0
DA:22,0
DA:24,0
DA:27,0
DA:28,0
DA:29,0
DA:30,0
DA:31,0
DA:32,0
DA:34,0
DA:69,0
DA:81,0
DA:122,0
DA:135,0
LF:29
LH:0
BRDA:24,0,0,0
BRDA:24,0,1,0
BRDA:29,1,0,0
BRDA:30,2,0,0
BRDA:84,3,0,0
BRDA:84,3,1,0
BRDA:90,4,0,0
BRDA:136,5,0,0
BRDA:136,5,1,0
BRDA:136,5,2,0
BRDA:139,6,0,0
BRDA:140,7,0,0
BRDA:140,7,1,0
BRF:13
BRH:0
end_of_record
TN:
SF:src\components\messages\ChatBackground.tsx
FN:7,ChatBackground
FNF:1
FNH:0
FNDA:0,ChatBackground
DA:7,0
DA:8,0
DA:9,0
LF:3
LH:0
BRDA:8,0,0,0
BRDA:8,0,1,0
BRDA:9,1,0,0
BRDA:9,1,1,0
BRF:4
BRH:0
end_of_record
TN:
SF:src\components\messages\ChatView.tsx
FN:45,getDmPartner
FN:46,(anonymous_6)
FN:50,newTempId
FN:52,formatDayLabel
FN:66,ChatView
FN:67,(anonymous_10)
FN:69,(anonymous_11)
FN:70,(anonymous_12)
FN:71,(anonymous_13)
FN:73,(anonymous_14)
FN:80,(anonymous_15)
FN:81,(anonymous_16)
FN:82,(anonymous_17)
FN:83,(anonymous_18)
FN:86,(anonymous_19)
FN:93,(anonymous_20)
FN:103,(anonymous_21)
FN:148,(anonymous_22)
FN:149,(anonymous_23)
FN:153,(anonymous_24)
FN:165,(anonymous_25)
FN:167,(anonymous_26)
FN:175,(anonymous_27)
FN:178,(anonymous_28)
FN:185,(anonymous_29)
FN:191,(anonymous_30)
FN:201,(anonymous_31)
FN:211,(anonymous_32)
FN:213,(anonymous_33)
FN:214,(anonymous_34)
FN:216,(anonymous_35)
FN:222,(anonymous_36)
FN:226,(anonymous_37)
FN:228,(anonymous_38)
FN:231,(anonymous_39)
FN:233,(anonymous_40)
FN:240,(anonymous_41)
FN:253,(anonymous_42)
FN:256,(anonymous_43)
FN:260,(anonymous_44)
FN:263,(anonymous_45)
FN:275,(anonymous_46)
FN:277,(anonymous_47)
FN:291,(anonymous_48)
FN:298,(anonymous_49)
FN:308,(anonymous_50)
FN:314,(anonymous_51)
FN:318,(anonymous_52)
FN:321,(anonymous_53)
FN:322,(anonymous_54)
FN:329,(anonymous_55)
FN:330,(anonymous_56)
FN:337,(anonymous_57)
FN:339,(anonymous_58)
FN:361,(anonymous_59)
FN:371,(anonymous_60)
FN:375,(anonymous_61)
FN:379,(anonymous_62)
FN:382,(anonymous_63)
FN:383,(anonymous_64)
FN:390,(anonymous_65)
FN:391,(anonymous_66)
FN:398,(anonymous_67)
FN:400,(anonymous_68)
FN:401,(anonymous_69)
FN:404,(anonymous_70)
FN:409,(anonymous_71)
FN:411,(anonymous_72)
FN:414,(anonymous_73)
FN:418,(anonymous_74)
FN:421,(anonymous_75)
FN:422,(anonymous_76)
FN:428,(anonymous_77)
FN:433,(anonymous_78)
FN:437,(anonymous_79)
FN:438,(anonymous_80)
FN:440,(anonymous_81)
FN:445,(anonymous_82)
FN:447,(anonymous_83)
FN:448,(anonymous_84)
FN:450,(anonymous_85)
FN:451,(anonymous_86)
FN:454,(anonymous_87)
FN:455,(anonymous_88)
FN:460,(anonymous_89)
FN:461,(anonymous_90)
FN:465,(anonymous_91)
FN:469,(anonymous_92)
FN:478,(anonymous_93)
FN:482,(anonymous_94)
FN:487,(anonymous_95)
FN:490,(anonymous_96)
FN:493,(anonymous_97)
FN:499,(anonymous_98)
FN:507,(anonymous_99)
FN:516,(anonymous_100)
FN:523,(anonymous_101)
FN:524,(anonymous_102)
FN:542,(anonymous_103)
FN:588,(anonymous_104)
FN:596,(anonymous_105)
FN:608,(anonymous_106)
FN:625,(anonymous_107)
FN:662,(anonymous_108)
FN:665,(anonymous_109)
FN:685,(anonymous_110)
FN:686,(anonymous_111)
FN:689,(anonymous_112)
FN:712,(anonymous_113)
FN:714,(anonymous_114)
FN:723,(anonymous_115)
FN:732,(anonymous_116)
FN:741,(anonymous_117)
FN:748,(anonymous_118)
FN:798,(anonymous_119)
FN:815,(anonymous_120)
FN:837,(anonymous_121)
FNF:117
FNH:0
FNDA:0,getDmPartner
FNDA:0,(anonymous_6)
FNDA:0,newTempId
FNDA:0,formatDayLabel
FNDA:0,ChatView
FNDA:0,(anonymous_10)
FNDA:0,(anonymous_11)
FNDA:0,(anonymous_12)
FNDA:0,(anonymous_13)
FNDA:0,(anonymous_14)
FNDA:0,(anonymous_15)
FNDA:0,(anonymous_16)
FNDA:0,(anonymous_17)
FNDA:0,(anonymous_18)
FNDA:0,(anonymous_19)
FNDA:0,(anonymous_20)
FNDA:0,(anonymous_21)
FNDA:0,(anonymous_22)
FNDA:0,(anonymous_23)
FNDA:0,(anonymous_24)
FNDA:0,(anonymous_25)
FNDA:0,(anonymous_26)
FNDA:0,(anonymous_27)
FNDA:0,(anonymous_28)
FNDA:0,(anonymous_29)
FNDA:0,(anonymous_30)
FNDA:0,(anonymous_31)
FNDA:0,(anonymous_32)
FNDA:0,(anonymous_33)
FNDA:0,(anonymous_34)
FNDA:0,(anonymous_35)
FNDA:0,(anonymous_36)
FNDA:0,(anonymous_37)
FNDA:0,(anonymous_38)
FNDA:0,(anonymous_39)
FNDA:0,(anonymous_40)
FNDA:0,(anonymous_41)
FNDA:0,(anonymous_42)
FNDA:0,(anonymous_43)
FNDA:0,(anonymous_44)
FNDA:0,(anonymous_45)
FNDA:0,(anonymous_46)
FNDA:0,(anonymous_47)
FNDA:0,(anonymous_48)
FNDA:0,(anonymous_49)
FNDA:0,(anonymous_50)
FNDA:0,(anonymous_51)
FNDA:0,(anonymous_52)
FNDA:0,(anonymous_53)
FNDA:0,(anonymous_54)
FNDA:0,(anonymous_55)
FNDA:0,(anonymous_56)
FNDA:0,(anonymous_57)
FNDA:0,(anonymous_58)
FNDA:0,(anonymous_59)
FNDA:0,(anonymous_60)
FNDA:0,(anonymous_61)
FNDA:0,(anonymous_62)
FNDA:0,(anonymous_63)
FNDA:0,(anonymous_64)
FNDA:0,(anonymous_65)
FNDA:0,(anonymous_66)
FNDA:0,(anonymous_67)
FNDA:0,(anonymous_68)
FNDA:0,(anonymous_69)
FNDA:0,(anonymous_70)
FNDA:0,(anonymous_71)
FNDA:0,(anonymous_72)
FNDA:0,(anonymous_73)
FNDA:0,(anonymous_74)
FNDA:0,(anonymous_75)
FNDA:0,(anonymous_76)
FNDA:0,(anonymous_77)
FNDA:0,(anonymous_78)
FNDA:0,(anonymous_79)
FNDA:0,(anonymous_80)
FNDA:0,(anonymous_81)
FNDA:0,(anonymous_82)
FNDA:0,(anonymous_83)
FNDA:0,(anonymous_84)
FNDA:0,(anonymous_85)
FNDA:0,(anonymous_86)
FNDA:0,(anonymous_87)
FNDA:0,(anonymous_88)
FNDA:0,(anonymous_89)
FNDA:0,(anonymous_90)
FNDA:0,(anonymous_91)
FNDA:0,(anonymous_92)
FNDA:0,(anonymous_93)
FNDA:0,(anonymous_94)
FNDA:0,(anonymous_95)
FNDA:0,(anonymous_96)
FNDA:0,(anonymous_97)
FNDA:0,(anonymous_98)
FNDA:0,(anonymous_99)
FNDA:0,(anonymous_100)
FNDA:0,(anonymous_101)
FNDA:0,(anonymous_102)
FNDA:0,(anonymous_103)
FNDA:0,(anonymous_104)
FNDA:0,(anonymous_105)
FNDA:0,(anonymous_106)
FNDA:0,(anonymous_107)
FNDA:0,(anonymous_108)
FNDA:0,(anonymous_109)
FNDA:0,(anonymous_110)
FNDA:0,(anonymous_111)
FNDA:0,(anonymous_112)
FNDA:0,(anonymous_113)
FNDA:0,(anonymous_114)
FNDA:0,(anonymous_115)
FNDA:0,(anonymous_116)
FNDA:0,(anonymous_117)
FNDA:0,(anonymous_118)
FNDA:0,(anonymous_119)
FNDA:0,(anonymous_120)
FNDA:0,(anonymous_121)
DA:3,0
DA:4,0
DA:5,0
DA:6,0
DA:8,0
DA:18,0
DA:20,0
DA:21,0
DA:22,0
DA:23,0
DA:24,0
DA:25,0
DA:26,0
DA:27,0
DA:28,0
DA:29,0
DA:32,0
DA:33,0
DA:34,0
DA:35,0
DA:36,0
DA:37,0
DA:38,0
DA:46,0
DA:49,0
DA:50,0
DA:53,0
DA:54,0
DA:55,0
DA:56,0
DA:57,0
DA:58,0
DA:59,0
DA:60,0
DA:61,0
DA:64,0
DA:66,0
DA:67,0
DA:68,0
DA:69,0
DA:70,0
DA:71,0
DA:73,0
DA:76,0
DA:77,0
DA:80,0
DA:81,0
DA:82,0
DA:83,0
DA:85,0
DA:87,0
DA:88,0
DA:89,0
DA:93,0
DA:94,0
DA:95,0
DA:97,0
DA:98,0
DA:100,0
DA:104,0
DA:105,0
DA:108,0
DA:110,0
DA:111,0
DA:123,0
DA:124,0
DA:125,0
DA:126,0
DA:127,0
DA:128,0
DA:129,0
DA:131,0
DA:132,0
DA:133,0
DA:134,0
DA:135,0
DA:137,0
DA:138,0
DA:139,0
DA:142,0
DA:143,0
DA:148,0
DA:149,0
DA:150,0
DA:151,0
DA:152,0
DA:153,0
DA:163,0
DA:166,0
DA:167,0
DA:173,0
DA:175,0
DA:178,0
DA:179,0
DA:180,0
DA:185,0
DA:186,0
DA:187,0
DA:188,0
DA:191,0
DA:192,0
DA:193,0
DA:194,0
DA:195,0
DA:196,0
DA:201,0
DA:202,0
DA:203,0
DA:204,0
DA:205,0
DA:206,0
DA:211,0
DA:212,0
DA:213,0
DA:214,0
DA:215,0
DA:216,0
DA:222,0
DA:223,0
DA:224,0
DA:226,0
DA:227,0
DA:228,0
DA:231,0
DA:232,0
DA:233,0
DA:234,0
DA:237,0
DA:238,0
DA:240,0
DA:241,0
DA:242,0
DA:243,0
DA:244,0
DA:245,0
DA:252,0
DA:254,0
DA:257,0
DA:258,0
DA:260,0
DA:263,0
DA:274,0
DA:276,0
DA:278,0
DA:279,0
DA:291,0
DA:296,0
DA:299,0
DA:300,0
DA:301,0
DA:302,0
DA:305,0
DA:306,0
DA:311,0
DA:312,0
DA:315,0
DA:316,0
DA:318,0
DA:321,0
DA:322,0
DA:327,0
DA:330,0
DA:331,0
DA:336,0
DA:338,0
DA:340,0
DA:341,0
DA:359,0
DA:362,0
DA:363,0
DA:364,0
DA:365,0
DA:368,0
DA:369,0
DA:372,0
DA:373,0
DA:376,0
DA:377,0
DA:379,0
DA:382,0
DA:383,0
DA:388,0
DA:391,0
DA:392,0
DA:397,0
DA:399,0
DA:401,0
DA:402,0
DA:404,0
DA:408,0
DA:410,0
DA:412,0
DA:415,0
DA:416,0
DA:418,0
DA:421,0
DA:422,0
DA:428,0
DA:432,0
DA:434,0
DA:438,0
DA:440,0
DA:444,0
DA:446,0
DA:448,0
DA:451,0
DA:452,0
DA:455,0
DA:456,0
DA:460,0
DA:461,0
DA:462,0
DA:465,0
DA:466,0
DA:469,0
DA:470,0
DA:471,0
DA:472,0
DA:474,0
DA:475,0
DA:478,0
DA:479,0
DA:482,0
DA:483,0
DA:484,0
DA:487,0
DA:488,0
DA:490,0
DA:491,0
DA:492,0
DA:493,0
DA:494,0
DA:499,0
DA:500,0
DA:501,0
DA:502,0
DA:503,0
DA:507,0
DA:508,0
DA:509,0
DA:510,0
DA:511,0
DA:516,0
DA:517,0
DA:518,0
DA:519,0
DA:523,0
DA:524,0
DA:542,0
DA:588,0
DA:596,0
DA:608,0
DA:625,0
DA:663,0
DA:664,0
DA:665,0
DA:666,0
DA:667,0
DA:668,0
DA:669,0
DA:677,0
DA:685,0
DA:686,0
DA:689,0
DA:695,0
DA:712,0
DA:714,0
DA:723,0
DA:732,0
DA:741,0
DA:748,0
DA:799,0
DA:800,0
DA:816,0
DA:838,0
LF:275
LH:0
BRDA:46,0,0,0
BRDA:46,0,1,0
BRDA:59,1,0,0
BRDA:60,2,0,0
BRDA:69,3,0,0
BRDA:69,3,1,0
BRDA:77,4,0,0
BRDA:77,4,1,0
BRDA:87,5,0,0
BRDA:94,6,0,0
BRDA:94,7,0,0
BRDA:94,7,1,0
BRDA:95,8,0,0
BRDA:95,9,0,0
BRDA:95,9,1,0
BRDA:98,10,0,0
BRDA:104,11,0,0
BRDA:104,12,0,0
BRDA:104,12,1,0
BRDA:137,13,0,0
BRDA:137,13,1,0
BRDA:137,14,0,0
BRDA:137,14,1,0
BRDA:137,15,0,0
BRDA:137,15,1,0
BRDA:138,16,0,0
BRDA:138,16,1,0
BRDA:139,17,0,0
BRDA:139,17,1,0
BRDA:140,18,0,0
BRDA:140,18,1,0
BRDA:141,19,0,0
BRDA:141,19,1,0
BRDA:141,20,0,0
BRDA:141,20,1,0
BRDA:142,21,0,0
BRDA:142,21,1,0
BRDA:142,21,2,0
BRDA:143,22,0,0
BRDA:143,22,1,0
BRDA:143,23,0,0
BRDA:143,23,1,0
BRDA:167,24,0,0
BRDA:167,24,1,0
BRDA:173,25,0,0
BRDA:173,25,1,0
BRDA:179,26,0,0
BRDA:179,27,0,0
BRDA:179,27,1,0
BRDA:179,27,2,0
BRDA:187,28,0,0
BRDA:187,29,0,0
BRDA:187,29,1,0
BRDA:193,30,0,0
BRDA:193,31,0,0
BRDA:193,31,1,0
BRDA:194,32,0,0
BRDA:203,33,0,0
BRDA:205,34,0,0
BRDA:205,35,0,0
BRDA:205,35,1,0
BRDA:205,35,2,0
BRDA:213,36,0,0
BRDA:213,36,1,0
BRDA:213,37,0,0
BRDA:213,37,1,0
BRDA:213,38,0,0
BRDA:213,38,1,0
BRDA:215,39,0,0
BRDA:224,40,0,0
BRDA:228,41,0,0
BRDA:228,41,1,0
BRDA:233,42,0,0
BRDA:233,42,1,0
BRDA:234,43,0,0
BRDA:234,43,1,0
BRDA:242,44,0,0
BRDA:257,45,0,0
BRDA:263,46,0,0
BRDA:263,46,1,0
BRDA:290,47,0,0
BRDA:290,47,1,0
BRDA:291,48,0,0
BRDA:291,48,1,0
BRDA:291,49,0,0
BRDA:291,49,1,0
BRDA:299,50,0,0
BRDA:315,51,0,0
BRDA:321,52,0,0
BRDA:321,52,1,0
BRDA:322,53,0,0
BRDA:322,53,1,0
BRDA:330,54,0,0
BRDA:330,54,1,0
BRDA:362,55,0,0
BRDA:376,56,0,0
BRDA:382,57,0,0
BRDA:382,57,1,0
BRDA:383,58,0,0
BRDA:383,58,1,0
BRDA:391,59,0,0
BRDA:391,59,1,0
BRDA:401,60,0,0
BRDA:401,60,1,0
BRDA:415,61,0,0
BRDA:420,62,0,0
BRDA:420,62,1,0
BRDA:421,63,0,0
BRDA:421,63,1,0
BRDA:434,64,0,0
BRDA:434,64,1,0
BRDA:438,65,0,0
BRDA:438,65,1,0
BRDA:448,66,0,0
BRDA:448,66,1,0
BRDA:451,67,0,0
BRDA:451,67,1,0
BRDA:452,68,0,0
BRDA:452,68,1,0
BRDA:455,69,0,0
BRDA:455,69,1,0
BRDA:461,70,0,0
BRDA:461,70,1,0
BRDA:461,71,0,0
BRDA:461,71,1,0
BRDA:470,72,0,0
BRDA:488,73,0,0
BRDA:488,73,1,0
BRDA:488,74,0,0
BRDA:488,74,1,0
BRDA:490,75,0,0
BRDA:490,75,1,0
BRDA:491,76,0,0
BRDA:491,76,1,0
BRDA:492,77,0,0
BRDA:492,78,0,0
BRDA:492,78,1,0
BRDA:493,79,0,0
BRDA:493,79,1,0
BRDA:501,80,0,0
BRDA:501,81,0,0
BRDA:501,81,1,0
BRDA:509,82,0,0
BRDA:509,83,0,0
BRDA:509,83,1,0
BRDA:518,84,0,0
BRDA:518,84,1,0
BRDA:523,85,0,0
BRDA:523,85,1,0
BRDA:523,85,2,0
BRDA:524,86,0,0
BRDA:524,86,1,0
BRDA:524,86,2,0
BRDA:541,87,0,0
BRDA:548,88,0,0
BRDA:553,89,0,0
BRDA:560,90,0,0
BRDA:560,90,1,0
BRDA:560,91,0,0
BRDA:560,91,1,0
BRDA:569,92,0,0
BRDA:585,93,0,0
BRDA:589,94,0,0
BRDA:589,94,1,0
BRDA:597,95,0,0
BRDA:597,95,1,0
BRDA:608,96,0,0
BRDA:608,96,1,0
BRDA:610,97,0,0
BRDA:610,97,1,0
BRDA:617,98,0,0
BRDA:622,99,0,0
BRDA:622,99,1,0
BRDA:622,100,0,0
BRDA:622,100,1,0
BRDA:635,101,0,0
BRDA:635,101,1,0
BRDA:644,102,0,0
BRDA:650,103,0,0
BRDA:650,103,1,0
BRDA:654,104,0,0
BRDA:654,104,1,0
BRDA:667,105,0,0
BRDA:681,106,0,0
BRDA:681,106,1,0
BRDA:681,106,2,0
BRDA:699,107,0,0
BRDA:699,107,1,0
BRDA:718,108,0,0
BRDA:722,109,0,0
BRDA:722,109,1,0
BRDA:728,110,0,0
BRDA:731,111,0,0
BRDA:731,111,1,0
BRDA:737,112,0,0
BRDA:737,112,1,0
BRDA:737,112,2,0
BRDA:762,113,0,0
BRDA:773,114,0,0
BRDA:780,115,0,0
BRDA:786,116,0,0
BRDA:786,116,1,0
BRDA:786,117,0,0
BRDA:786,117,1,0
BRDA:789,118,0,0
BRDA:793,119,0,0
BRDA:809,120,0,0
BRDA:831,121,0,0
BRF:208
BRH:0
end_of_record
TN:
SF:src\components\messages\ConversationContextSheet.tsx
FN:32,ConversationContextSheet
FN:42,(anonymous_3)
FN:49,(anonymous_4)
FN:54,(anonymous_5)
FN:56,(anonymous_6)
FN:57,(anonymous_7)
FN:61,(anonymous_8)
FN:62,(anonymous_9)
FN:67,(anonymous_10)
FN:82,(anonymous_11)
FN:93,(anonymous_12)
FN:94,(anonymous_13)
FN:94,(anonymous_14)
FN:104,(anonymous_15)
FN:116,(anonymous_16)
FN:128,(anonymous_17)
FN:143,(anonymous_18)
FN:152,(anonymous_19)
FNF:18
FNH:0
FNDA:0,ConversationContextSheet
FNDA:0,(anonymous_3)
FNDA:0,(anonymous_4)
FNDA:0,(anonymous_5)
FNDA:0,(anonymous_6)
FNDA:0,(anonymous_7)
FNDA:0,(anonymous_8)
FNDA:0,(anonymous_9)
FNDA:0,(anonymous_10)
FNDA:0,(anonymous_11)
FNDA:0,(anonymous_12)
FNDA:0,(anonymous_13)
FNDA:0,(anonymous_14)
FNDA:0,(anonymous_15)
FNDA:0,(anonymous_16)
FNDA:0,(anonymous_17)
FNDA:0,(anonymous_18)
FNDA:0,(anonymous_19)
DA:3,1
DA:4,1
DA:14,1
DA:18,1
DA:19,1
DA:20,1
DA:21,1
DA:22,1
DA:32,0
DA:38,0
DA:39,0
DA:41,0
DA:42,0
DA:44,0
DA:45,0
DA:46,0
DA:47,0
DA:49,0
DA:50,0
DA:53,0
DA:55,0
DA:56,0
DA:57,0
DA:60,0
DA:61,0
DA:63,0
DA:64,0
DA:65,0
DA:67,0
DA:70,0
DA:72,0
DA:82,0
DA:93,0
DA:94,0
DA:104,0
DA:116,0
DA:128,0
DA:143,0
DA:154,0
LF:39
LH:8
BRDA:44,0,0,0
BRDA:44,0,1,0
BRDA:45,1,0,0
BRDA:45,1,1,0
BRDA:46,2,0,0
BRDA:46,2,1,0
BRDA:70,3,0,0
BRDA:72,4,0,0
BRDA:72,4,1,0
BRDA:91,5,0,0
BRDA:91,5,1,0
BRDA:92,6,0,0
BRDA:92,6,1,0
BRDA:93,7,0,0
BRDA:93,7,1,0
BRDA:109,8,0,0
BRDA:112,9,0,0
BRDA:112,9,1,0
BRDA:121,10,0,0
BRDA:124,11,0,0
BRDA:124,11,1,0
BRDA:133,12,0,0
BRDA:136,13,0,0
BRDA:136,13,1,0
BRDA:142,14,0,0
BRF:25
BRH:0
end_of_record
TN:
SF:src\components\messages\ConversationItem.tsx
FN:19,getConversationDisplay
FN:21,(anonymous_3)
FN:39,getLastMessagePreview
FN:52,ConversationItem
FN:69,(anonymous_6)
FN:73,(anonymous_7)
FN:79,(anonymous_8)
FN:87,(anonymous_9)
FN:94,(anonymous_10)
FNF:9
FNH:8
FNDA:22,getConversationDisplay
FNDA:40,(anonymous_3)
FNDA:22,getLastMessagePreview
FNDA:22,ConversationItem
FNDA:3,(anonymous_6)
FNDA:2,(anonymous_7)
FNDA:2,(anonymous_8)
FNDA:0,(anonymous_9)
FNDA:4,(anonymous_10)
DA:3,2
DA:4,2
DA:5,2
DA:6,2
DA:8,2
DA:20,22
DA:21,40
DA:22,20
DA:30,2
DA:40,22
DA:41,22
DA:42,4
DA:43,2
DA:44,2
DA:45,2
DA:46,1
DA:47,1
DA:48,1
DA:49,1
DA:52,22
DA:60,22
DA:61,22
DA:62,22
DA:63,22
DA:65,22
DA:66,22
DA:67,22
DA:69,22
DA:70,3
DA:71,3
DA:72,3
DA:73,3
DA:74,2
DA:75,2
DA:79,22
DA:80,2
DA:81,2
DA:82,2
DA:84,2
DA:87,22
DA:88,0
DA:89,0
DA:90,0
DA:91,0
DA:94,22
DA:95,4
DA:96,1
DA:97,1
DA:98,1
DA:100,3
LF:50
LH:46
BRDA:20,0,0,20
BRDA:23,1,0,20
BRDA:23,1,1,0
BRDA:24,2,0,20
BRDA:24,2,1,20
BRDA:25,3,0,20
BRDA:25,3,1,0
BRDA:31,4,0,2
BRDA:31,4,1,0
BRDA:32,5,0,2
BRDA:32,5,1,2
BRDA:33,6,0,2
BRDA:33,6,1,0
BRDA:41,7,0,18
BRDA:42,8,0,2
BRDA:44,9,0,1
BRDA:44,9,1,1
BRDA:44,10,0,0
BRDA:44,10,1,1
BRDA:45,11,0,1
BRDA:46,12,0,0
BRDA:47,13,0,0
BRDA:48,14,0,0
BRDA:49,15,0,1
BRDA:49,15,1,0
BRDA:62,16,0,22
BRDA:62,16,1,18
BRDA:70,17,0,0
BRDA:80,18,0,2
BRDA:88,19,0,0
BRDA:91,20,0,0
BRDA:95,21,0,1
BRDA:111,22,0,2
BRDA:111,22,1,20
BRDA:120,23,0,0
BRDA:128,24,0,2
BRDA:134,25,0,22
BRDA:134,25,1,0
BRDA:142,26,0,2
BRDA:142,26,1,20
BRDA:150,27,0,3
BRDA:150,27,1,19
BRDA:153,28,0,22
BRDA:155,29,0,1
BRDA:155,29,1,2
BRF:45
BRH:31
end_of_record
TN:
SF:src\components\messages\ConversationList.tsx
FN:19,ConversationList
FN:23,(anonymous_3)
FN:24,(anonymous_4)
FN:35,(anonymous_5)
FN:38,(anonymous_6)
FN:41,(anonymous_7)
FN:61,(anonymous_8)
FN:73,(anonymous_9)
FN:97,(anonymous_10)
FN:98,(anonymous_11)
FN:106,(anonymous_12)
FN:107,(anonymous_13)
FN:122,(anonymous_14)
FNF:13
FNH:11
FNDA:12,ConversationList
FNDA:12,(anonymous_3)
FNDA:12,(anonymous_4)
FNDA:12,(anonymous_5)
FNDA:3,(anonymous_6)
FNDA:6,(anonymous_7)
FNDA:3,(anonymous_8)
FNDA:20,(anonymous_9)
FNDA:3,(anonymous_10)
FNDA:6,(anonymous_11)
FNDA:1,(anonymous_12)
FNDA:0,(anonymous_13)
FNDA:0,(anonymous_14)
DA:3,1
DA:4,1
DA:5,1
DA:6,1
DA:7,1
DA:8,1
DA:9,1
DA:10,1
DA:11,1
DA:19,5
DA:23,12
DA:24,12
DA:25,12
DA:26,12
DA:28,12
DA:35,12
DA:36,12
DA:37,3
DA:38,3
DA:39,3
DA:40,3
DA:42,6
DA:49,12
DA:61,3
DA:74,20
DA:98,6
DA:99,3
DA:106,1
DA:107,0
DA:122,0
LF:30
LH:28
BRDA:28,0,0,5
BRDA:36,1,0,9
BRDA:39,2,0,0
BRDA:42,3,0,6
BRDA:42,3,1,3
BRDA:42,3,2,3
BRDA:49,4,0,0
BRDA:72,5,0,5
BRDA:84,6,0,4
BRDA:89,7,0,3
BRDA:89,7,1,1
BRDA:92,8,0,3
BRDA:92,8,1,1
BRDA:105,9,0,3
BRDA:105,9,1,3
BRDA:117,10,0,12
BRF:16
BRH:14
end_of_record
TN:
SF:src\components\messages\ForwardModal.tsx
FN:20,getConversationName
FN:24,(anonymous_3)
FN:29,getConversationSubtitle
FN:36,getConversationAvatar
FN:40,(anonymous_6)
FN:44,getConversationInitials
FN:48,(anonymous_8)
FN:53,ForwardModal
FN:64,(anonymous_10)
FN:65,(anonymous_11)
FN:71,(anonymous_12)
FN:120,(anonymous_13)
FN:137,(anonymous_14)
FN:146,(anonymous_15)
FNF:14
FNH:14
FNDA:21,getConversationName
FNDA:24,(anonymous_3)
FNDA:13,getConversationSubtitle
FNDA:13,getConversationAvatar
FNDA:16,(anonymous_6)
FNDA:13,getConversationInitials
FNDA:16,(anonymous_8)
FNDA:19,ForwardModal
FNDA:17,(anonymous_10)
FNDA:17,(anonymous_11)
FNDA:2,(anonymous_12)
FNDA:4,(anonymous_13)
FNDA:13,(anonymous_14)
FNDA:2,(anonymous_15)
DA:3,1
DA:4,1
DA:5,1
DA:6,1
DA:7,1
DA:8,1
DA:9,1
DA:10,1
DA:11,1
DA:21,21
DA:22,9
DA:24,24
DA:25,12
DA:26,12
DA:30,13
DA:31,5
DA:33,8
DA:37,13
DA:38,5
DA:40,16
DA:41,8
DA:45,13
DA:46,5
DA:48,16
DA:49,8
DA:50,8
DA:53,7
DA:54,19
DA:55,19
DA:57,19
DA:63,19
DA:64,17
DA:66,17
DA:67,8
DA:68,8
DA:71,19
DA:72,2
DA:73,2
DA:74,2
DA:75,2
DA:80,1
DA:81,1
DA:83,1
DA:85,2
DA:120,4
DA:138,13
DA:139,13
DA:140,13
DA:141,13
DA:143,13
DA:146,2
LF:51
LH:51
BRDA:21,0,0,9
BRDA:22,1,0,9
BRDA:22,1,1,0
BRDA:25,2,0,0
BRDA:30,3,0,5
BRDA:37,4,0,5
BRDA:38,5,0,5
BRDA:38,5,1,5
BRDA:41,6,0,8
BRDA:41,6,1,8
BRDA:45,7,0,5
BRDA:46,8,0,5
BRDA:46,8,1,0
BRDA:49,9,0,0
BRDA:57,10,0,7
BRDA:66,11,0,9
BRDA:72,12,0,0
BRDA:76,13,0,2
BRDA:76,13,1,0
BRDA:78,14,0,2
BRDA:78,14,1,2
BRDA:128,15,0,7
BRDA:128,15,1,12
BRDA:132,16,0,0
BRDA:132,16,1,12
BRDA:153,17,0,0
BRF:26
BRH:18
end_of_record
TN:
SF:src\components\messages\GroupCreationModal.tsx
FN:24,GroupCreationModal
FN:29,(anonymous_3)
FN:42,(anonymous_4)
FN:50,(anonymous_5)
FN:54,(anonymous_6)
FN:64,(anonymous_7)
FN:65,(anonymous_8)
FN:66,(anonymous_9)
FN:67,(anonymous_10)
FN:73,(anonymous_11)
FN:78,(anonymous_12)
FN:80,(anonymous_13)
FN:86,(anonymous_14)
FN:89,(anonymous_15)
FN:110,(anonymous_16)
FN:116,(anonymous_17)
FN:138,(anonymous_18)
FN:141,(anonymous_19)
FN:156,(anonymous_20)
FN:180,(anonymous_21)
FN:181,(anonymous_22)
FN:186,(anonymous_23)
FN:213,(anonymous_24)
FN:242,(anonymous_25)
FN:258,(anonymous_26)
FN:271,(anonymous_27)
FN:284,(anonymous_28)
FNF:27
FNH:0
FNDA:0,GroupCreationModal
FNDA:0,(anonymous_3)
FNDA:0,(anonymous_4)
FNDA:0,(anonymous_5)
FNDA:0,(anonymous_6)
FNDA:0,(anonymous_7)
FNDA:0,(anonymous_8)
FNDA:0,(anonymous_9)
FNDA:0,(anonymous_10)
FNDA:0,(anonymous_11)
FNDA:0,(anonymous_12)
FNDA:0,(anonymous_13)
FNDA:0,(anonymous_14)
FNDA:0,(anonymous_15)
FNDA:0,(anonymous_16)
FNDA:0,(anonymous_17)
FNDA:0,(anonymous_18)
FNDA:0,(anonymous_19)
FNDA:0,(anonymous_20)
FNDA:0,(anonymous_21)
FNDA:0,(anonymous_22)
FNDA:0,(anonymous_23)
FNDA:0,(anonymous_24)
FNDA:0,(anonymous_25)
FNDA:0,(anonymous_26)
FNDA:0,(anonymous_27)
FNDA:0,(anonymous_28)
DA:3,0
DA:4,0
DA:5,0
DA:6,0
DA:7,0
DA:8,0
DA:9,0
DA:10,0
DA:11,0
DA:12,0
DA:13,0
DA:24,0
DA:29,0
DA:30,0
DA:32,0
DA:33,0
DA:34,0
DA:35,0
DA:36,0
DA:37,0
DA:38,0
DA:40,0
DA:42,0
DA:43,0
DA:44,0
DA:45,0
DA:46,0
DA:47,0
DA:48,0
DA:51,0
DA:54,0
DA:58,0
DA:60,0
DA:64,0
DA:65,0
DA:66,0
DA:67,0
DA:72,0
DA:74,0
DA:78,0
DA:81,0
DA:82,0
DA:83,0
DA:84,0
DA:86,0
DA:89,0
DA:90,0
DA:91,0
DA:92,0
DA:93,0
DA:94,0
DA:95,0
DA:96,0
DA:99,0
DA:110,0
DA:116,0
DA:139,0
DA:141,0
DA:156,0
DA:181,0
DA:182,0
DA:183,0
DA:186,0
DA:213,0
DA:242,0
DA:258,0
DA:272,0
DA:284,0
LF:68
LH:0
BRDA:44,0,0,0
BRDA:51,1,0,0
BRDA:51,1,1,0
BRDA:51,1,2,0
BRDA:51,1,3,0
BRDA:51,1,4,0
BRDA:51,1,5,0
BRDA:66,2,0,0
BRDA:66,2,1,0
BRDA:77,3,0,0
BRDA:77,3,1,0
BRDA:99,4,0,0
BRDA:115,5,0,0
BRDA:134,6,0,0
BRDA:136,7,0,0
BRDA:162,8,0,0
BRDA:169,9,0,0
BRDA:175,10,0,0
BRDA:174,11,0,0
BRDA:174,11,1,0
BRDA:191,12,0,0
BRDA:200,13,0,0
BRDA:200,13,1,0
BRDA:201,14,0,0
BRDA:269,15,0,0
BRDA:269,15,1,0
BRDA:285,16,0,0
BRDA:285,16,1,0
BRDA:288,17,0,0
BRDA:288,17,1,0
BRF:30
BRH:0
end_of_record
TN:
SF:src\components\messages\GroupInfoSheet.tsx
FN:31,GroupInfoSheet
FN:47,(anonymous_3)
FN:51,(anonymous_4)
FN:57,(anonymous_5)
FN:58,(anonymous_6)
FN:65,(anonymous_7)
FN:69,(anonymous_8)
FN:70,(anonymous_9)
FN:71,(anonymous_10)
FN:75,(anonymous_11)
FN:76,(anonymous_12)
FN:82,(anonymous_13)
FN:85,(anonymous_14)
FN:91,(anonymous_15)
FN:94,(anonymous_16)
FN:119,(anonymous_17)
FN:157,(anonymous_18)
FN:157,(anonymous_19)
FN:174,(anonymous_20)
FN:182,(anonymous_21)
FN:187,(anonymous_22)
FN:211,(anonymous_23)
FN:236,(anonymous_24)
FN:253,(anonymous_25)
FNF:24
FNH:0
FNDA:0,GroupInfoSheet
FNDA:0,(anonymous_3)
FNDA:0,(anonymous_4)
FNDA:0,(anonymous_5)
FNDA:0,(anonymous_6)
FNDA:0,(anonymous_7)
FNDA:0,(anonymous_8)
FNDA:0,(anonymous_9)
FNDA:0,(anonymous_10)
FNDA:0,(anonymous_11)
FNDA:0,(anonymous_12)
FNDA:0,(anonymous_13)
FNDA:0,(anonymous_14)
FNDA:0,(anonymous_15)
FNDA:0,(anonymous_16)
FNDA:0,(anonymous_17)
FNDA:0,(anonymous_18)
FNDA:0,(anonymous_19)
FNDA:0,(anonymous_20)
FNDA:0,(anonymous_21)
FNDA:0,(anonymous_22)
FNDA:0,(anonymous_23)
FNDA:0,(anonymous_24)
FNDA:0,(anonymous_25)
DA:3,0
DA:4,0
DA:5,0
DA:6,0
DA:7,0
DA:13,0
DA:14,0
DA:15,0
DA:16,0
DA:17,0
DA:18,0
DA:31,0
DA:38,0
DA:39,0
DA:41,0
DA:42,0
DA:43,0
DA:44,0
DA:46,0
DA:47,0
DA:49,0
DA:51,0
DA:52,0
DA:53,0
DA:56,0
DA:57,0
DA:59,0
DA:60,0
DA:61,0
DA:62,0
DA:63,0
DA:65,0
DA:68,0
DA:69,0
DA:70,0
DA:71,0
DA:74,0
DA:75,0
DA:77,0
DA:78,0
DA:79,0
DA:80,0
DA:82,0
DA:85,0
DA:86,0
DA:87,0
DA:88,0
DA:89,0
DA:90,0
DA:91,0
DA:92,0
DA:95,0
DA:102,0
DA:104,0
DA:108,0
DA:119,0
DA:157,0
DA:174,0
DA:183,0
DA:184,0
DA:187,0
DA:212,0
DA:213,0
DA:214,0
DA:236,0
DA:253,0
LF:66
LH:0
BRDA:87,0,0,0
BRDA:95,1,0,0
BRDA:95,1,1,0
BRDA:95,1,2,0
BRDA:95,1,3,0
BRDA:95,1,4,0
BRDA:95,1,5,0
BRDA:108,2,0,0
BRDA:137,3,0,0
BRDA:137,4,0,0
BRDA:137,4,1,0
BRDA:142,5,0,0
BRDA:142,5,1,0
BRDA:143,6,0,0
BRDA:147,7,0,0
BRDA:147,7,1,0
BRDA:155,8,0,0
BRDA:167,9,0,0
BRDA:167,9,1,0
BRDA:180,10,0,0
BRDA:193,11,0,0
BRDA:218,12,0,0
BRDA:226,13,0,0
BRDA:226,13,1,0
BRDA:228,14,0,0
BRDA:232,15,0,0
BRDA:232,15,1,0
BRDA:234,16,0,0
BRDA:234,16,1,0
BRDA:258,17,0,0
BRF:30
BRH:0
end_of_record
TN:
SF:src\components\messages\MediaPreviewModal.tsx
FN:16,MediaPreviewModal
FN:24,(anonymous_3)
FN:25,(anonymous_4)
FN:29,(anonymous_5)
FN:44,(anonymous_6)
FN:58,(anonymous_7)
FN:69,(anonymous_8)
FN:94,(anonymous_9)
FNF:8
FNH:0
FNDA:0,MediaPreviewModal
FNDA:0,(anonymous_3)
FNDA:0,(anonymous_4)
FNDA:0,(anonymous_5)
FNDA:0,(anonymous_6)
FNDA:0,(anonymous_7)
FNDA:0,(anonymous_8)
FNDA:0,(anonymous_9)
DA:3,2
DA:5,2
DA:6,2
DA:7,2
DA:16,0
DA:22,0
DA:24,0
DA:25,0
DA:26,0
DA:28,0
DA:29,0
DA:44,0
DA:58,0
DA:69,0
DA:94,0
LF:15
LH:4
BRDA:26,0,0,0
BRDA:72,1,0,0
BRDA:83,2,0,0
BRDA:83,2,1,0
BRDA:91,3,0,0
BRF:5
BRH:0
end_of_record
TN:
SF:src\components\messages\MessageActionSheet.tsx
FN:22,getMessagePreview
FN:37,MessageActionSheet
FN:89,(anonymous_3)
FN:92,(anonymous_4)
FN:112,(anonymous_5)
FN:116,(anonymous_6)
FNF:6
FNH:5
FNDA:25,getMessagePreview
FNDA:25,MessageActionSheet
FNDA:6,(anonymous_3)
FNDA:0,(anonymous_4)
FNDA:24,(anonymous_5)
FNDA:7,(anonymous_6)
DA:3,3
DA:5,3
DA:7,3
DA:23,25
DA:24,25
DA:25,23
DA:26,23
DA:27,22
DA:37,25
DA:49,25
DA:51,25
DA:90,6
DA:93,0
DA:94,0
DA:113,24
DA:117,7
DA:118,7
LF:17
LH:15
BRDA:23,0,0,0
BRDA:24,1,0,2
BRDA:25,2,0,0
BRDA:26,3,0,1
BRDA:27,4,0,22
BRDA:27,4,1,0
BRDA:52,5,0,3
BRDA:52,5,1,22
BRDA:53,6,0,11
BRDA:53,6,1,14
BRDA:54,7,0,2
BRDA:54,7,1,23
BRDA:55,8,0,3
BRDA:55,8,1,22
BRDA:55,9,0,25
BRDA:55,9,1,25
BRDA:56,10,0,1
BRDA:56,10,1,2
BRDA:56,11,0,1
BRDA:56,11,1,2
BRDA:58,12,0,2
BRDA:58,12,1,23
BRDA:58,13,0,25
BRDA:58,13,1,6
BRDA:58,13,2,5
BRDA:58,13,3,5
BRDA:61,14,0,3
BRDA:61,14,1,22
BRDA:61,15,0,25
BRDA:61,15,1,6
BRDA:61,15,2,6
BRDA:87,16,0,25
BRDA:87,16,1,1
BRDA:107,17,0,25
BRDA:107,17,1,0
BRDA:121,18,0,3
BRDA:121,18,1,21
BRDA:126,19,0,3
BRDA:126,19,1,21
BRF:39
BRH:35
end_of_record
TN:
SF:src\components\messages\MessageBubble.tsx
FN:38,MessageBubble
FN:71,(anonymous_3)
FN:75,(anonymous_4)
FN:80,(anonymous_5)
FN:88,(anonymous_6)
FN:92,(anonymous_7)
FN:96,(anonymous_8)
FN:99,(anonymous_9)
FN:104,(anonymous_10)
FN:114,(anonymous_11)
FN:120,(anonymous_12)
FN:122,(anonymous_13)
FN:127,(anonymous_14)
FN:131,(anonymous_15)
FN:149,(anonymous_16)
FN:166,(anonymous_17)
FN:191,(anonymous_18)
FN:221,(anonymous_19)
FN:327,(anonymous_20)
FN:330,(anonymous_21)
FN:357,(anonymous_22)
FN:365,(anonymous_23)
FN:366,(anonymous_24)
FN:368,(anonymous_25)
FN:369,(anonymous_26)
FN:370,(anonymous_27)
FN:371,(anonymous_28)
FN:372,(anonymous_29)
FNF:28
FNH:20
FNDA:46,MessageBubble
FNDA:7,(anonymous_3)
FNDA:6,(anonymous_4)
FNDA:0,(anonymous_5)
FNDA:0,(anonymous_6)
FNDA:4,(anonymous_7)
FNDA:2,(anonymous_8)
FNDA:2,(anonymous_9)
FNDA:2,(anonymous_10)
FNDA:2,(anonymous_11)
FNDA:1,(anonymous_12)
FNDA:0,(anonymous_13)
FNDA:46,(anonymous_14)
FNDA:1,(anonymous_15)
FNDA:46,(anonymous_16)
FNDA:0,(anonymous_17)
FNDA:0,(anonymous_18)
FNDA:5,(anonymous_19)
FNDA:4,(anonymous_20)
FNDA:1,(anonymous_21)
FNDA:0,(anonymous_22)
FNDA:5,(anonymous_23)
FNDA:1,(anonymous_24)
FNDA:0,(anonymous_25)
FNDA:1,(anonymous_26)
FNDA:1,(anonymous_27)
FNDA:0,(anonymous_28)
FNDA:1,(anonymous_29)
DA:3,2
DA:4,2
DA:13,2
DA:14,2
DA:15,2
DA:17,2
DA:18,2
DA:19,2
DA:20,2
DA:38,29
DA:52,46
DA:54,46
DA:55,46
DA:56,46
DA:57,46
DA:59,46
DA:60,46
DA:61,46
DA:62,46
DA:63,46
DA:64,46
DA:65,46
DA:67,46
DA:71,46
DA:72,7
DA:73,6
DA:74,6
DA:75,6
DA:76,6
DA:77,6
DA:80,46
DA:81,0
DA:82,0
DA:83,0
DA:84,0
DA:85,0
DA:88,46
DA:89,0
DA:90,0
DA:92,46
DA:93,4
DA:94,4
DA:96,46
DA:97,2
DA:99,46
DA:100,2
DA:101,2
DA:102,2
DA:104,46
DA:105,2
DA:106,2
DA:107,2
DA:108,2
DA:109,2
DA:110,1
DA:112,1
DA:114,46
DA:115,2
DA:116,2
DA:117,2
DA:118,2
DA:120,46
DA:121,1
DA:122,1
DA:123,1
DA:127,46
DA:128,46
DA:131,1
DA:141,12
DA:143,12
DA:149,46
DA:150,46
DA:158,44
DA:162,44
DA:166,0
DA:188,44
DA:191,0
DA:214,46
DA:217,46
DA:221,46
DA:222,5
DA:223,5
DA:328,4
DA:330,1
DA:357,0
DA:365,5
DA:366,1
DA:368,0
DA:369,1
DA:370,1
DA:371,0
DA:372,1
LF:92
LH:80
BRDA:43,0,0,42
BRDA:57,1,0,46
BRDA:57,1,1,44
BRDA:57,1,2,44
BRDA:57,1,3,0
BRDA:67,2,0,15
BRDA:67,2,1,31
BRDA:72,3,0,1
BRDA:72,4,0,7
BRDA:72,4,1,6
BRDA:72,4,2,6
BRDA:81,5,0,0
BRDA:84,6,0,0
BRDA:84,7,0,0
BRDA:84,7,1,0
BRDA:85,8,0,0
BRDA:89,9,0,0
BRDA:94,10,0,4
BRDA:97,11,0,0
BRDA:100,12,0,0
BRDA:105,13,0,0
BRDA:108,14,0,2
BRDA:109,15,0,1
BRDA:109,15,1,1
BRDA:109,16,0,2
BRDA:109,16,1,2
BRDA:110,17,0,1
BRDA:112,18,0,1
BRDA:112,19,0,1
BRDA:112,19,1,1
BRDA:115,20,0,1
BRDA:115,21,0,2
BRDA:115,21,1,1
BRDA:115,21,2,1
BRDA:121,22,0,1
BRDA:128,23,0,31
BRDA:141,24,0,12
BRDA:141,24,1,0
BRDA:143,25,0,12
BRDA:143,25,1,2
BRDA:150,26,0,2
BRDA:152,27,0,0
BRDA:152,27,1,2
BRDA:158,28,0,0
BRDA:158,29,0,44
BRDA:158,29,1,0
BRDA:162,30,0,0
BRDA:162,31,0,44
BRDA:162,31,1,0
BRDA:181,32,0,0
BRDA:188,33,0,0
BRDA:188,34,0,44
BRDA:188,34,1,0
BRDA:217,35,0,46
BRDA:217,35,1,46
BRDA:221,36,0,46
BRDA:221,36,1,34
BRDA:222,37,0,5
BRDA:222,37,1,4
BRDA:229,38,0,15
BRDA:229,38,1,31
BRDA:241,39,0,46
BRDA:243,40,0,31
BRDA:243,40,1,15
BRDA:244,41,0,0
BRDA:244,41,1,15
BRDA:264,42,0,15
BRDA:264,42,1,31
BRDA:265,43,0,45
BRDA:265,43,1,1
BRDA:267,44,0,46
BRDA:279,45,0,46
BRDA:279,45,1,2
BRDA:279,45,2,1
BRDA:286,46,0,46
BRDA:286,46,1,1
BRDA:289,47,0,0
BRDA:289,47,1,1
BRDA:298,48,0,0
BRDA:298,48,1,1
BRDA:300,49,0,0
BRDA:300,49,1,1
BRDA:302,50,0,0
BRDA:302,50,1,1
BRDA:312,51,0,0
BRDA:312,51,1,46
BRDA:317,52,0,46
BRDA:317,52,1,1
BRDA:318,53,0,1
BRDA:318,53,1,0
BRDA:325,54,0,46
BRDA:326,55,0,0
BRDA:326,55,1,3
BRDA:332,56,0,1
BRDA:332,56,1,3
BRDA:335,57,0,4
BRDA:342,58,0,15
BRDA:342,58,1,31
BRDA:352,59,0,46
BRDA:355,60,0,0
BRDA:355,60,1,0
BRDA:361,61,0,46
BRDA:366,62,0,1
BRDA:366,62,1,9
BRDA:366,63,0,10
BRDA:366,63,1,1
BRDA:367,64,0,10
BRDA:367,64,1,0
BRDA:367,65,0,10
BRDA:367,65,1,10
BRDA:367,65,2,10
BRDA:368,66,0,1
BRDA:368,66,1,9
BRDA:368,67,0,10
BRDA:368,67,1,1
BRDA:369,68,0,2
BRDA:369,68,1,8
BRDA:369,69,0,10
BRDA:369,69,1,2
BRDA:369,69,2,2
BRDA:370,70,0,1
BRDA:370,70,1,9
BRDA:370,71,0,10
BRDA:370,71,1,1
BRDA:371,72,0,1
BRDA:371,72,1,9
BRDA:372,73,0,3
BRDA:372,73,1,7
BRF:128
BRH:98
end_of_record
TN:
SF:src\components\messages\MessageInput.tsx
FN:23,getReplyPreview
FN:32,MessageInput
FN:53,(anonymous_6)
FN:61,(anonymous_7)
FN:68,(anonymous_8)
FN:74,(anonymous_9)
FN:80,(anonymous_10)
FN:92,(anonymous_11)
FN:110,(anonymous_12)
FN:119,(anonymous_13)
FN:137,(anonymous_14)
FN:157,(anonymous_15)
FN:204,(anonymous_16)
FN:235,(anonymous_17)
FNF:14
FNH:0
FNDA:0,getReplyPreview
FNDA:0,MessageInput
FNDA:0,(anonymous_6)
FNDA:0,(anonymous_7)
FNDA:0,(anonymous_8)
FNDA:0,(anonymous_9)
FNDA:0,(anonymous_10)
FNDA:0,(anonymous_11)
FNDA:0,(anonymous_12)
FNDA:0,(anonymous_13)
FNDA:0,(anonymous_14)
FNDA:0,(anonymous_15)
FNDA:0,(anonymous_16)
FNDA:0,(anonymous_17)
DA:3,0
DA:4,0
DA:5,0
DA:6,0
DA:7,0
DA:9,0
DA:24,0
DA:25,0
DA:26,0
DA:27,0
DA:28,0
DA:29,0
DA:32,0
DA:43,0
DA:44,0
DA:45,0
DA:47,0
DA:48,0
DA:49,0
DA:50,0
DA:53,0
DA:54,0
DA:55,0
DA:56,0
DA:61,0
DA:62,0
DA:63,0
DA:64,0
DA:65,0
DA:68,0
DA:69,0
DA:70,0
DA:71,0
DA:73,0
DA:74,0
DA:75,0
DA:76,0
DA:80,0
DA:81,0
DA:82,0
DA:84,0
DA:85,0
DA:86,0
DA:87,0
DA:92,0
DA:93,0
DA:94,0
DA:96,0
DA:97,0
DA:98,0
DA:99,0
DA:100,0
DA:102,0
DA:103,0
DA:108,0
DA:110,0
DA:111,0
DA:112,0
DA:113,0
DA:114,0
DA:119,0
DA:120,0
DA:121,0
DA:122,0
DA:124,0
DA:125,0
DA:126,0
DA:127,0
DA:128,0
DA:130,0
DA:132,0
DA:137,0
DA:138,0
DA:139,0
DA:140,0
DA:141,0
DA:142,0
DA:143,0
DA:144,0
DA:146,0
DA:148,0
DA:153,0
DA:157,0
DA:162,0
DA:163,0
DA:204,0
DA:235,0
LF:87
LH:0
BRDA:24,0,0,0
BRDA:25,1,0,0
BRDA:26,2,0,0
BRDA:27,3,0,0
BRDA:28,4,0,0
BRDA:29,5,0,0
BRDA:29,5,1,0
BRDA:54,6,0,0
BRDA:55,7,0,0
BRDA:55,7,1,0
BRDA:63,8,0,0
BRDA:69,9,0,0
BRDA:73,10,0,0
BRDA:82,11,0,0
BRDA:82,11,1,0
BRDA:84,12,0,0
BRDA:85,13,0,0
BRDA:94,14,0,0
BRDA:94,15,0,0
BRDA:94,15,1,0
BRDA:96,16,0,0
BRDA:96,16,1,0
BRDA:98,17,0,0
BRDA:102,18,0,0
BRDA:108,19,0,0
BRDA:108,19,1,0
BRDA:111,20,0,0
BRDA:112,21,0,0
BRDA:112,22,0,0
BRDA:112,22,1,0
BRDA:121,23,0,0
BRDA:121,24,0,0
BRDA:121,24,1,0
BRDA:127,25,0,0
BRDA:127,25,1,0
BRDA:139,26,0,0
BRDA:153,27,0,0
BRDA:162,28,0,0
BRDA:162,28,1,0
BRDA:163,29,0,0
BRDA:163,29,1,0
BRDA:163,29,2,0
BRDA:168,30,0,0
BRDA:168,30,1,0
BRDA:173,31,0,0
BRDA:173,31,1,0
BRDA:176,32,0,0
BRDA:176,32,1,0
BRDA:177,33,0,0
BRDA:177,33,1,0
BRDA:183,34,0,0
BRDA:183,34,1,0
BRDA:194,35,0,0
BRDA:205,36,0,0
BRDA:205,36,1,0
BRDA:210,37,0,0
BRDA:227,38,0,0
BRDA:227,38,1,0
BRDA:235,39,0,0
BRDA:241,40,0,0
BRDA:241,40,1,0
BRF:61
BRH:0
end_of_record
TN:
SF:src\components\messages\NewConversationModal.tsx
FN:22,NewConversationModal
FN:27,(anonymous_3)
FN:35,(anonymous_4)
FN:43,(anonymous_5)
FN:53,(anonymous_6)
FN:55,(anonymous_7)
FN:61,(anonymous_8)
FN:75,(anonymous_9)
FN:95,(anonymous_10)
FN:119,(anonymous_11)
FN:124,(anonymous_12)
FNF:11
FNH:0
FNDA:0,NewConversationModal
FNDA:0,(anonymous_3)
FNDA:0,(anonymous_4)
FNDA:0,(anonymous_5)
FNDA:0,(anonymous_6)
FNDA:0,(anonymous_7)
FNDA:0,(anonymous_8)
FNDA:0,(anonymous_9)
FNDA:0,(anonymous_10)
FNDA:0,(anonymous_11)
FNDA:0,(anonymous_12)
DA:3,0
DA:4,0
DA:5,0
DA:6,0
DA:7,0
DA:8,0
DA:9,0
DA:10,0
DA:11,0
DA:12,0
DA:13,0
DA:22,0
DA:27,0
DA:28,0
DA:29,0
DA:30,0
DA:31,0
DA:33,0
DA:35,0
DA:36,0
DA:37,0
DA:38,0
DA:39,0
DA:40,0
DA:42,0
DA:43,0
DA:46,0
DA:48,0
DA:52,0
DA:54,0
DA:56,0
DA:57,0
DA:58,0
DA:59,0
DA:61,0
DA:64,0
DA:75,0
DA:95,0
DA:120,0
DA:121,0
DA:124,0
LF:41
LH:0
BRDA:37,0,0,0
BRDA:43,1,0,0
BRDA:43,1,1,0
BRDA:43,1,2,0
BRDA:43,1,3,0
BRDA:43,1,4,0
BRDA:64,2,0,0
BRDA:101,3,0,0
BRDA:108,4,0,0
BRDA:113,5,0,0
BRDA:112,6,0,0
BRDA:112,6,1,0
BRDA:130,7,0,0
BRF:13
BRH:0
end_of_record
TN:
SF:src\components\messages\TypingIndicator.tsx
FN:3,TypingIndicator
FN:7,(anonymous_2)
FNF:2
FNH:0
FNDA:0,TypingIndicator
FNDA:0,(anonymous_2)
DA:3,0
DA:8,0
LF:2
LH:0
BRF:0
BRH:0
end_of_record
TN:
SF:src\components\messages\VoiceNotePlayer.tsx
FN:11,formatDuration
FN:18,VoiceNotePlayer
FN:25,(anonymous_3)
FN:29,(anonymous_4)
FN:30,(anonymous_5)
FN:31,(anonymous_6)
FN:36,(anonymous_7)
FN:39,(anonymous_8)
FN:40,(anonymous_9)
FN:41,(anonymous_10)
FN:45,(anonymous_11)
FN:52,(anonymous_12)
FN:57,(anonymous_13)
FNF:13
FNH:0
FNDA:0,formatDuration
FNDA:0,VoiceNotePlayer
FNDA:0,(anonymous_3)
FNDA:0,(anonymous_4)
FNDA:0,(anonymous_5)
FNDA:0,(anonymous_6)
FNDA:0,(anonymous_7)
FNDA:0,(anonymous_8)
FNDA:0,(anonymous_9)
FNDA:0,(anonymous_10)
FNDA:0,(anonymous_11)
FNDA:0,(anonymous_12)
FNDA:0,(anonymous_13)
DA:3,2
DA:4,2
DA:12,0
DA:13,0
DA:14,0
DA:15,0
DA:18,0
DA:19,0
DA:20,0
DA:21,0
DA:22,0
DA:23,0
DA:25,0
DA:26,0
DA:27,0
DA:29,0
DA:30,0
DA:31,0
DA:32,0
DA:33,0
DA:36,0
DA:37,0
DA:38,0
DA:39,0
DA:40,0
DA:41,0
DA:45,0
DA:46,0
DA:47,0
DA:48,0
DA:49,0
DA:50,0
DA:52,0
DA:53,0
DA:57,0
DA:58,0
DA:59,0
DA:60,0
DA:61,0
DA:62,0
DA:63,0
DA:66,0
DA:68,0
DA:69,0
DA:70,0
DA:71,0
LF:46
LH:2
BRDA:12,0,0,0
BRDA:12,1,0,0
BRDA:12,1,1,0
BRDA:47,2,0,0
BRDA:48,3,0,0
BRDA:48,3,1,0
BRDA:59,4,0,0
BRDA:59,5,0,0
BRDA:59,5,1,0
BRDA:66,6,0,0
BRDA:66,6,1,0
BRDA:68,7,0,0
BRDA:68,7,1,0
BRDA:69,8,0,0
BRDA:69,8,1,0
BRDA:70,9,0,0
BRDA:70,9,1,0
BRDA:71,10,0,0
BRDA:71,10,1,0
BRDA:78,11,0,0
BRDA:78,11,1,0
BRDA:80,12,0,0
BRDA:80,12,1,0
BRDA:83,13,0,0
BRDA:102,14,0,0
BRDA:102,14,1,0
BRF:26
BRH:0
end_of_record
TN:
SF:src\components\messages\VoiceNoteRecorder.tsx
FN:19,VoiceNoteRecorder
FN:35,(anonymous_4)
FN:36,(anonymous_5)
FN:44,(anonymous_6)
FN:58,(anonymous_7)
FN:61,(anonymous_8)
FN:73,(anonymous_9)
FN:84,(anonymous_10)
FN:92,(anonymous_11)
FN:96,(anonymous_12)
FN:105,(anonymous_13)
FN:115,(anonymous_14)
FN:117,(anonymous_15)
FN:126,(anonymous_16)
FN:135,(anonymous_17)
FN:157,(anonymous_18)
FN:158,(anonymous_19)
FN:165,(anonymous_20)
FN:206,MicButton
FNF:19
FNH:15
FNDA:15,VoiceNoteRecorder
FNDA:9,(anonymous_4)
FNDA:6,(anonymous_5)
FNDA:7,(anonymous_6)
FNDA:0,(anonymous_7)
FNDA:0,(anonymous_8)
FNDA:6,(anonymous_9)
FNDA:0,(anonymous_10)
FNDA:1,(anonymous_11)
FNDA:1,(anonymous_12)
FNDA:1,(anonymous_13)
FNDA:7,(anonymous_14)
FNDA:7,(anonymous_15)
FNDA:1,(anonymous_16)
FNDA:15,(anonymous_17)
FNDA:1,(anonymous_18)
FNDA:0,(anonymous_19)
FNDA:300,(anonymous_20)
FNDA:2,MicButton
DA:8,1
DA:9,1
DA:16,1
DA:17,1
DA:19,7
DA:20,15
DA:21,15
DA:22,15
DA:23,15
DA:24,15
DA:26,15
DA:27,15
DA:28,15
DA:29,15
DA:30,15
DA:31,15
DA:32,15
DA:33,15
DA:35,15
DA:36,9
DA:37,9
DA:38,9
DA:39,9
DA:40,9
DA:41,9
DA:44,15
DA:45,7
DA:46,7
DA:47,6
DA:50,6
DA:51,6
DA:52,6
DA:53,6
DA:54,6
DA:55,6
DA:56,6
DA:58,6
DA:59,0
DA:60,0
DA:61,0
DA:62,0
DA:63,0
DA:65,0
DA:66,0
DA:68,6
DA:70,6
DA:71,6
DA:72,6
DA:73,6
DA:74,6
DA:76,6
DA:78,6
DA:79,6
DA:80,6
DA:81,6
DA:82,6
DA:84,6
DA:85,0
DA:88,1
DA:92,15
DA:93,1
DA:94,1
DA:95,1
DA:96,1
DA:97,1
DA:98,1
DA:99,1
DA:100,1
DA:102,1
DA:105,15
DA:106,1
DA:107,1
DA:108,1
DA:109,1
DA:110,1
DA:111,1
DA:112,1
DA:115,15
DA:116,7
DA:117,7
DA:119,7
DA:120,7
DA:121,7
DA:126,15
DA:127,1
DA:128,1
DA:129,1
DA:130,0
DA:131,0
DA:135,15
DA:136,15
DA:137,15
DA:138,15
DA:157,1
DA:158,0
DA:166,300
DA:206,2
LF:97
LH:86
BRDA:38,0,0,6
BRDA:39,1,0,0
BRDA:62,2,0,0
BRDA:62,2,1,0
BRDA:74,3,0,6
BRDA:94,4,0,0
BRDA:94,5,0,1
BRDA:94,5,1,1
BRDA:107,6,0,1
BRDA:107,7,0,1
BRDA:107,7,1,1
BRDA:120,8,0,4
BRDA:120,9,0,7
BRDA:120,9,1,6
BRDA:127,10,0,0
BRDA:127,11,0,1
BRDA:127,11,1,1
BRDA:129,12,0,0
BRDA:168,13,0,0
BRDA:168,13,1,300
BRDA:188,14,0,0
BRDA:188,14,1,15
BRDA:190,15,0,0
BRDA:190,15,1,15
BRDA:194,16,0,0
BRDA:194,16,1,15
BRDA:197,17,0,0
BRF:27
BRH:16
end_of_record
TN:
SF:src\components\opportunities\ApplicationsViewer.tsx
FN:29,ApplicationsViewer
FN:37,(anonymous_3)
FN:44,(anonymous_4)
FN:49,(anonymous_5)
FN:51,(anonymous_6)
FN:55,(anonymous_7)
FN:58,(anonymous_8)
FN:71,(anonymous_9)
FN:71,(anonymous_10)
FN:74,(anonymous_11)
FN:82,(anonymous_12)
FN:91,(anonymous_13)
FN:111,(anonymous_14)
FN:165,(anonymous_15)
FN:165,(anonymous_16)
FN:168,(anonymous_17)
FN:184,(anonymous_18)
FNF:17
FNH:0
FNDA:0,ApplicationsViewer
FNDA:0,(anonymous_3)
FNDA:0,(anonymous_4)
FNDA:0,(anonymous_5)
FNDA:0,(anonymous_6)
FNDA:0,(anonymous_7)
FNDA:0,(anonymous_8)
FNDA:0,(anonymous_9)
FNDA:0,(anonymous_10)
FNDA:0,(anonymous_11)
FNDA:0,(anonymous_12)
FNDA:0,(anonymous_13)
FNDA:0,(anonymous_14)
FNDA:0,(anonymous_15)
FNDA:0,(anonymous_16)
FNDA:0,(anonymous_17)
FNDA:0,(anonymous_18)
DA:3,0
DA:4,0
DA:5,0
DA:6,0
DA:7,0
DA:8,0
DA:9,0
DA:10,0
DA:13,0
DA:21,0
DA:29,0
DA:30,0
DA:31,0
DA:32,0
DA:35,0
DA:38,0
DA:44,0
DA:48,0
DA:50,0
DA:52,0
DA:53,0
DA:55,0
DA:58,0
DA:71,0
DA:72,0
DA:74,0
DA:82,0
DA:92,0
DA:112,0
DA:165,0
DA:166,0
DA:168,0
DA:184,0
LF:33
LH:0
BRDA:41,0,0,0
BRDA:41,0,1,0
BRDA:44,1,0,0
BRDA:44,1,1,0
BRDA:44,2,0,0
BRDA:44,2,1,0
BRDA:58,3,0,0
BRDA:58,3,1,0
BRDA:77,4,0,0
BRDA:77,4,1,0
BRDA:82,5,0,0
BRDA:82,5,1,0
BRDA:89,6,0,0
BRDA:103,7,0,0
BRDA:103,7,1,0
BRDA:116,8,0,0
BRDA:125,9,0,0
BRDA:125,9,1,0
BRDA:142,10,0,0
BRDA:152,11,0,0
BRDA:172,12,0,0
BRDA:172,12,1,0
BRDA:182,13,0,0
BRDA:188,14,0,0
BRDA:188,14,1,0
BRF:25
BRH:0
end_of_record
TN:
SF:src\components\opportunities\ApplyModal.tsx
FN:16,ApplyModal
FN:23,(anonymous_2)
FN:25,(anonymous_3)
FN:34,(anonymous_4)
FN:43,(anonymous_5)
FN:85,(anonymous_6)
FN:101,(anonymous_7)
FN:151,(anonymous_8)
FNF:8
FNH:0
FNDA:0,ApplyModal
FNDA:0,(anonymous_2)
FNDA:0,(anonymous_3)
FNDA:0,(anonymous_4)
FNDA:0,(anonymous_5)
FNDA:0,(anonymous_6)
FNDA:0,(anonymous_7)
FNDA:0,(anonymous_8)
DA:3,0
DA:4,0
DA:5,0
DA:6,0
DA:7,0
DA:16,0
DA:17,0
DA:18,0
DA:19,0
DA:20,0
DA:22,0
DA:24,0
DA:26,0
DA:29,0
DA:30,0
DA:31,0
DA:32,0
DA:35,0
DA:36,0
DA:38,0
DA:43,0
DA:44,0
DA:45,0
DA:46,0
DA:47,0
DA:48,0
DA:50,0
DA:85,0
DA:101,0
DA:151,0
LF:30
LH:0
BRDA:24,0,0,0
BRDA:24,0,1,0
BRDA:24,1,0,0
BRDA:24,1,1,0
BRDA:35,2,0,0
BRDA:35,2,1,0
BRDA:38,3,0,0
BRDA:38,3,1,0
BRDA:45,4,0,0
BRDA:46,5,0,0
BRDA:104,6,0,0
BRDA:104,6,1,0
BRDA:110,7,0,0
BRDA:155,8,0,0
BRDA:156,9,0,0
BRDA:156,9,1,0
BRF:16
[...]
FN:78,forgotPassword
FN:86,resetPassword
FN:94,changePassword
FN:102,initiate2FA
FN:107,confirm2FA
FN:111,disable2FA
FN:116,getSessions
FN:121,revokeSession
FN:125,revokeAllSessions
FNF:16
FNH:0
FNDA:0,lookupStateCode
FNDA:0,registerInitiate
FNDA:0,registerVerify
FNDA:0,login
FNDA:0,twoFAChallenge
FNDA:0,refreshTokens
FNDA:0,logout
FNDA:0,forgotPassword
FNDA:0,resetPassword
FNDA:0,changePassword
FNDA:0,initiate2FA
FNDA:0,confirm2FA
FNDA:0,disable2FA
FNDA:0,getSessions
FNDA:0,revokeSession
FNDA:0,revokeAllSessions
DA:1,2
DA:14,2
DA:15,0
DA:16,0
DA:20,2
DA:24,0
DA:28,0
DA:31,2
DA:35,0
DA:39,0
DA:43,2
DA:47,0
DA:51,0
DA:54,2
DA:58,0
DA:62,0
DA:66,2
DA:67,0
DA:70,0
DA:73,2
DA:74,0
DA:78,2
DA:79,0
DA:83,0
DA:86,2
DA:91,0
DA:94,2
DA:98,0
DA:102,2
DA:103,0
DA:104,0
DA:107,2
DA:108,0
DA:111,2
DA:112,0
DA:116,2
DA:117,0
DA:118,0
DA:121,2
DA:122,0
DA:125,2
DA:126,0
LF:42
LH:17
BRF:0
BRH:0
end_of_record
TN:
SF:src\lib\api\calls.ts
FN:5,getCallHistory
FN:19,refreshCallToken
FNF:2
FNH:0
FNDA:0,getCallHistory
FNDA:0,refreshCallToken
DA:1,0
DA:5,0
DA:10,0
DA:11,0
DA:12,0
DA:13,0
DA:14,0
DA:15,0
DA:16,0
DA:19,0
DA:24,0
DA:25,0
LF:12
LH:0
BRDA:11,0,0,0
BRDA:12,1,0,0
BRDA:13,2,0,0
BRDA:15,3,0,0
BRDA:15,3,1,0
BRF:5
BRH:0
end_of_record
TN:
SF:src\lib\api\client.ts
FN:23,setAccessToken
FN:27,getAccessToken
FN:33,(anonymous_8)
FN:46,(anonymous_9)
FN:51,(anonymous_10)
FN:52,(anonymous_11)
FN:71,(anonymous_12)
FN:73,(anonymous_13)
FN:105,(anonymous_14)
FN:113,(anonymous_15)
FN:145,(anonymous_16)
FNF:11
FNH:4
FNDA:0,setAccessToken
FNDA:0,getAccessToken
FNDA:4,(anonymous_8)
FNDA:0,(anonymous_9)
FNDA:1,(anonymous_10)
FNDA:1,(anonymous_11)
FNDA:0,(anonymous_12)
FNDA:0,(anonymous_13)
FNDA:0,(anonymous_14)
FNDA:0,(anonymous_15)
FNDA:1,(anonymous_16)
DA:1,5
DA:2,5
DA:3,5
DA:7,5
DA:16,5
DA:17,5
DA:21,5
DA:23,0
DA:24,0
DA:27,0
DA:28,0
DA:32,5
DA:34,4
DA:35,0
DA:40,4
DA:41,0
DA:42,0
DA:44,4
DA:46,0
DA:50,5
DA:51,1
DA:53,1
DA:60,1
DA:61,1
DA:67,0
DA:70,0
DA:71,0
DA:72,0
DA:74,0
DA:75,0
DA:82,0
DA:84,0
DA:85,0
DA:86,0
DA:88,0
DA:89,0
DA:92,0
DA:97,0
DA:98,0
DA:101,0
DA:102,0
DA:105,0
DA:106,0
DA:109,0
DA:110,0
DA:113,0
DA:114,0
DA:115,0
DA:116,0
DA:117,0
DA:118,0
DA:121,0
DA:122,0
DA:124,0
DA:126,0
DA:132,1
DA:136,1
DA:141,0
DA:146,1
DA:147,1
DA:148,1
DA:149,1
DA:153,5
LF:63
LH:23
BRDA:34,0,0,0
BRDA:34,1,0,4
BRDA:34,1,1,0
BRDA:40,2,0,0
BRDA:61,3,0,0
BRDA:62,4,0,1
BRDA:62,4,1,0
BRDA:62,4,2,0
BRDA:62,4,3,0
BRDA:62,4,4,0
BRDA:70,5,0,0
BRDA:88,6,0,0
BRDA:121,7,0,0
BRDA:132,8,0,1
BRDA:132,8,1,1
BRDA:132,8,2,0
BRF:16
BRH:4
end_of_record
TN:
SF:src\lib\api\conversations.ts
FN:92,normalizeMessage
FN:106,(anonymous_22)
FN:115,(anonymous_23)
FN:121,normalizeParticipant
FN:135,normalizeConvFromEntry
FN:168,normalizeConvDirect
FN:188,getConversations
FN:194,getConversation
FN:200,createConversation
FN:210,getMessages
FN:226,sendMessage
FN:243,editMessage
FN:256,deleteMessage
FN:268,markRead
FN:273,updateConversationSettings
FN:286,leaveConversation
FN:291,uploadMessageMedia
FN:304,addParticipants
FN:312,removeParticipant
FN:320,updateGroup
FN:332,reactToMessage
FN:345,removeMessageReaction
FN:358,pinMessage
FN:371,searchUsers
FNF:24
FNH:0
FNDA:0,normalizeMessage
FNDA:0,(anonymous_22)
FNDA:0,(anonymous_23)
FNDA:0,normalizeParticipant
FNDA:0,normalizeConvFromEntry
FNDA:0,normalizeConvDirect
FNDA:0,getConversations
FNDA:0,getConversation
FNDA:0,createConversation
FNDA:0,getMessages
FNDA:0,sendMessage
FNDA:0,editMessage
FNDA:0,deleteMessage
FNDA:0,markRead
FNDA:0,updateConversationSettings
FNDA:0,leaveConversation
FNDA:0,uploadMessageMedia
FNDA:0,addParticipants
FNDA:0,removeParticipant
FNDA:0,updateGroup
FNDA:0,reactToMessage
FNDA:0,removeMessageReaction
FNDA:0,pinMessage
FNDA:0,searchUsers
DA:1,1
DA:4,1
DA:92,1
DA:93,0
DA:106,0
DA:115,0
DA:122,0
DA:136,0
DA:137,0
DA:139,0
DA:152,0
DA:153,0
DA:154,0
DA:169,0
DA:170,0
DA:171,0
DA:188,0
DA:189,0
DA:190,0
DA:194,0
DA:195,0
DA:196,0
DA:200,0
DA:205,0
DA:206,0
DA:210,0
DA:214,0
DA:218,0
DA:226,0
DA:235,0
DA:239,0
DA:243,0
DA:248,0
DA:252,0
DA:256,0
DA:261,0
DA:268,0
DA:269,0
DA:273,0
DA:282,0
DA:286,0
DA:287,0
DA:291,0
DA:294,0
DA:295,0
DA:296,0
DA:300,0
DA:304,0
DA:308,0
DA:312,0
DA:316,0
DA:320,0
DA:324,0
DA:328,0
DA:332,0
DA:337,0
DA:341,0
DA:345,0
DA:350,0
DA:354,0
DA:358,0
DA:363,0
DA:367,0
DA:371,0
DA:374,0
DA:378,0
LF:66
LH:3
BRDA:99,0,0,0
BRDA:99,0,1,0
BRDA:102,1,0,0
BRDA:102,1,1,0
BRDA:105,2,0,0
BRDA:105,2,1,0
BRDA:106,3,0,0
BRDA:106,3,1,0
BRDA:115,4,0,0
BRDA:115,4,1,0
BRDA:126,5,0,0
BRDA:126,5,1,0
BRDA:137,6,0,0
BRDA:152,7,0,0
BRDA:152,7,1,0
BRDA:153,8,0,0
BRDA:153,8,1,0
BRDA:156,9,0,0
BRDA:156,9,1,0
BRDA:161,10,0,0
BRDA:161,10,1,0
BRDA:162,11,0,0
BRDA:162,11,1,0
BRDA:169,12,0,0
BRDA:169,12,1,0
BRDA:170,13,0,0
BRDA:170,13,1,0
BRDA:173,14,0,0
BRDA:173,14,1,0
BRDA:178,15,0,0
BRDA:178,15,1,0
BRDA:179,16,0,0
BRDA:179,16,1,0
BRDA:190,17,0,0
BRDA:190,17,1,0
BRDA:212,18,0,0
BRDA:216,19,0,0
BRDA:216,19,1,0
BRDA:219,20,0,0
BRDA:219,20,1,0
BRDA:259,21,0,0
BRDA:263,22,0,0
BRDA:263,22,1,0
BRDA:378,23,0,0
BRDA:378,23,1,0
BRF:45
BRH:0
end_of_record
TN:
SF:src\lib\api\discover.ts
FN:16,getCorpersInState
FN:28,getSuggestions
FN:37,searchDiscover
FN:50,searchPosts
FN:67,searchListings
FNF:5
FNH:0
FNDA:0,getCorpersInState
FNDA:0,getSuggestions
FNDA:0,searchDiscover
FNDA:0,searchPosts
FNDA:0,searchListings
DA:1,0
DA:4,0
DA:16,0
DA:20,0
DA:24,0
DA:28,0
DA:29,0
DA:33,0
DA:37,0
DA:42,0
DA:46,0
DA:50,0
DA:55,0
DA:59,0
DA:67,0
DA:72,0
DA:76,0
LF:17
LH:0
BRDA:18,0,0,0
BRDA:28,1,0,0
BRDA:33,2,0,0
BRDA:33,2,1,0
BRDA:40,3,0,0
BRDA:46,4,0,0
BRDA:46,4,1,0
BRDA:46,5,0,0
BRDA:46,5,1,0
BRDA:46,6,0,0
BRDA:46,6,1,0
BRDA:53,7,0,0
BRDA:60,8,0,0
BRDA:60,8,1,0
BRDA:61,9,0,0
BRDA:61,9,1,0
BRDA:62,10,0,0
BRDA:62,10,1,0
BRDA:70,11,0,0
BRDA:77,12,0,0
BRDA:77,12,1,0
BRDA:78,13,0,0
BRDA:78,13,1,0
BRDA:79,14,0,0
BRDA:79,14,1,0
BRF:25
BRH:0
end_of_record
TN:
SF:src\lib\api\feed.ts
FN:16,normalizePost
FN:31,getFeed
FNF:2
FNH:1
FNDA:1,normalizePost
FNDA:0,getFeed
DA:1,3
DA:16,1
DA:17,1
DA:31,0
DA:32,0
DA:38,0
LF:6
LH:3
BRDA:19,0,0,1
BRDA:19,0,1,0
BRDA:19,0,2,0
BRDA:20,1,0,0
BRDA:20,1,1,0
BRDA:20,1,2,0
BRDA:21,2,0,0
BRDA:21,2,1,0
BRDA:22,3,0,0
BRDA:22,3,1,0
BRDA:22,3,2,0
BRDA:31,4,0,0
BRDA:35,5,0,0
BRDA:35,5,1,0
BRF:14
BRH:1
end_of_record
TN:
SF:src\lib\api\marketplace.ts
FN:67,getListings
FN:87,getListing
FN:96,getMyListings
FN:108,createListing
FN:118,(anonymous_16)
FN:129,updateListing
FN:142,deleteListing
FN:148,inquireListing
FN:155,getListingInquiries
FN:166,applyAsSeller
FN:177,getMyApplication
FNF:11
FNH:0
FNDA:0,getListings
FNDA:0,getListing
FNDA:0,getMyListings
FNDA:0,createListing
FNDA:0,(anonymous_16)
FNDA:0,updateListing
FNDA:0,deleteListing
FNDA:0,inquireListing
FNDA:0,getListingInquiries
FNDA:0,applyAsSeller
FNDA:0,getMyApplication
DA:1,0
DA:67,0
DA:70,0
DA:71,0
DA:72,0
DA:73,0
DA:74,0
DA:75,0
DA:76,0
DA:77,0
DA:78,0
DA:80,0
DA:84,0
DA:87,0
DA:88,0
DA:91,0
DA:96,0
DA:99,0
DA:103,0
DA:108,0
DA:111,0
DA:112,0
DA:113,0
DA:114,0
DA:115,0
DA:116,0
DA:117,0
DA:118,0
DA:120,0
DA:124,0
DA:129,0
DA:133,0
DA:137,0
DA:142,0
DA:143,0
DA:148,0
DA:149,0
DA:152,0
DA:155,0
DA:158,0
DA:161,0
DA:166,0
DA:167,0
DA:168,0
DA:170,0
DA:174,0
DA:177,0
DA:178,0
DA:179,0
DA:182,0
DA:184,0
LF:51
LH:0
BRDA:68,0,0,0
BRDA:71,1,0,0
BRDA:72,2,0,0
BRDA:73,3,0,0
BRDA:74,4,0,0
BRDA:75,5,0,0
BRDA:76,6,0,0
BRDA:77,7,0,0
BRDA:78,8,0,0
BRDA:78,9,0,0
BRDA:78,9,1,0
BRDA:97,10,0,0
BRDA:101,11,0,0
BRDA:101,11,1,0
BRDA:116,12,0,0
BRDA:117,13,0,0
BRF:16
BRH:0
end_of_record
TN:
SF:src\lib\api\notifications.ts
FN:6,getNotifications
FN:18,getUnreadCount
FN:26,markAsRead
FN:31,markAllRead
FN:36,deleteNotification
FNF:5
FNH:0
FNDA:0,getNotifications
FNDA:0,getUnreadCount
FNDA:0,markAsRead
FNDA:0,markAllRead
FNDA:0,deleteNotification
DA:1,0
DA:6,0
DA:10,0
DA:14,0
DA:18,0
DA:19,0
DA:22,0
DA:26,0
DA:27,0
DA:31,0
DA:32,0
DA:36,0
DA:37,0
LF:13
LH:0
BRDA:8,0,0,0
BRDA:22,1,0,0
BRDA:22,1,1,0
BRF:3
BRH:0
end_of_record
TN:
SF:src\lib\api\opportunities.ts
FN:42,getOpportunities
FN:59,getOpportunity
FN:66,getMyOpportunities
FN:78,createOpportunity
FN:85,updateOpportunity
FN:93,deleteOpportunity
FN:99,saveOpportunity
FN:103,unsaveOpportunity
FN:107,getSavedOpportunities
FN:119,applyToOpportunity
FN:144,getMyApplications
FN:156,getOpportunityApplications
FN:167,updateApplicationStatus
FNF:13
FNH:0
FNDA:0,getOpportunities
FNDA:0,getOpportunity
FNDA:0,getMyOpportunities
FNDA:0,createOpportunity
FNDA:0,updateOpportunity
FNDA:0,deleteOpportunity
FNDA:0,saveOpportunity
FNDA:0,unsaveOpportunity
FNDA:0,getSavedOpportunities
FNDA:0,applyToOpportunity
FNDA:0,getMyApplications
FNDA:0,getOpportunityApplications
FNDA:0,updateApplicationStatus
DA:1,0
DA:42,0
DA:45,0
DA:46,0
DA:47,0
DA:48,0
DA:49,0
DA:50,0
DA:52,0
DA:56,0
DA:59,0
DA:60,0
DA:61,0
DA:66,0
DA:69,0
DA:73,0
DA:78,0
DA:81,0
DA:82,0
DA:85,0
DA:89,0
DA:90,0
DA:93,0
DA:94,0
DA:99,0
DA:100,0
DA:103,0
DA:104,0
DA:107,0
DA:110,0
DA:114,0
DA:119,0
DA:124,0
DA:125,0
DA:126,0
DA:127,0
DA:128,0
DA:132,0
DA:135,0
DA:139,0
DA:144,0
DA:147,0
DA:151,0
DA:156,0
DA:160,0
DA:164,0
DA:167,0
DA:171,0
DA:175,0
LF:49
LH:0
BRDA:43,0,0,0
BRDA:46,1,0,0
BRDA:47,2,0,0
BRDA:48,3,0,0
BRDA:49,4,0,0
BRDA:50,5,0,0
BRDA:50,5,1,0
BRDA:67,6,0,0
BRDA:71,7,0,0
BRDA:71,7,1,0
BRDA:108,8,0,0
BRDA:112,9,0,0
BRDA:112,9,1,0
BRDA:124,10,0,0
BRDA:126,11,0,0
BRDA:137,12,0,0
BRDA:137,12,1,0
BRDA:145,13,0,0
BRDA:149,14,0,0
BRDA:149,14,1,0
BRDA:158,15,0,0
BRDA:162,16,0,0
BRDA:162,16,1,0
BRF:23
BRH:0
end_of_record
TN:
SF:src\lib\api\posts.ts
FN:23,getPost
FN:28,createPost
FN:33,updatePost
FN:38,deletePost
FN:44,reactToPost
FN:48,removeReaction
FN:60,getPostReactions
FN:73,getComments
FN:84,addComment
FN:95,deleteComment
FN:99,reactToComment
FN:107,removeCommentReaction
FN:117,bookmarkPost
FN:121,unbookmarkPost
FN:125,getBookmarks
FN:137,getUserPosts
FN:150,sharePost
FN:161,reportPost
FN:170,uploadToCloudinary
FNF:19
FNH:2
FNDA:0,getPost
FNDA:2,createPost
FNDA:0,updatePost
FNDA:0,deletePost
FNDA:0,reactToPost
FNDA:0,removeReaction
FNDA:0,getPostReactions
FNDA:2,getComments
FNDA:0,addComment
FNDA:0,deleteComment
FNDA:0,reactToComment
FNDA:0,removeCommentReaction
FNDA:0,bookmarkPost
FNDA:0,unbookmarkPost
FNDA:0,getBookmarks
FNDA:0,getUserPosts
FNDA:0,sharePost
FNDA:0,reportPost
FNDA:0,uploadToCloudinary
DA:1,4
DA:5,4
DA:23,0
DA:24,0
DA:25,0
DA:28,2
DA:29,2
DA:30,1
DA:33,0
DA:34,0
DA:35,0
DA:38,0
DA:39,0
DA:44,0
DA:45,0
DA:48,0
DA:49,0
DA:60,0
DA:64,0
DA:68,0
DA:73,2
DA:77,2
DA:81,0
DA:84,0
DA:88,0
DA:92,0
DA:95,0
DA:96,0
DA:99,0
DA:100,0
DA:104,0
DA:107,0
DA:108,0
DA:112,0
DA:117,0
DA:118,0
DA:121,0
DA:122,0
DA:125,0
DA:128,0
DA:132,0
DA:137,0
DA:141,0
DA:145,0
DA:150,0
DA:153,0
DA:156,0
DA:161,0
DA:165,0
DA:170,0
DA:171,0
DA:172,0
DA:175,0
DA:180,0
LF:54
LH:7
BRDA:62,0,0,0
BRDA:66,1,0,0
BRDA:66,1,1,0
BRDA:75,2,0,0
BRDA:79,3,0,2
BRDA:79,3,1,2
BRDA:126,4,0,0
BRDA:130,5,0,0
BRDA:130,5,1,0
BRDA:139,6,0,0
BRDA:143,7,0,0
BRDA:143,7,1,0
BRF:12
BRH:2
end_of_record
TN:
SF:src\lib\api\reels.ts
FN:7,getReels
FNF:1
FNH:0
FNDA:0,getReels
DA:1,0
DA:4,0
DA:7,0
DA:8,0
DA:11,0
LF:5
LH:0
BRDA:7,0,0,0
BRDA:9,1,0,0
BRDA:9,1,1,0
BRF:3
BRH:0
end_of_record
TN:
SF:src\lib\api\stories.ts
FN:29,normalizeStory
FN:44,normalizeGroup
FN:55,getStories
FN:64,createStory
FN:74,viewStory
FN:79,deleteStory
FN:84,getUserHighlights
FN:88,(anonymous_14)
FNF:8
FNH:0
FNDA:0,normalizeStory
FNDA:0,normalizeGroup
FNDA:0,getStories
FNDA:0,createStory
FNDA:0,viewStory
FNDA:0,deleteStory
FNDA:0,getUserHighlights
FNDA:0,(anonymous_14)
DA:1,0
DA:30,0
DA:45,0
DA:55,0
DA:56,0
DA:57,0
DA:64,0
DA:65,0
DA:66,0
DA:67,0
DA:69,0
DA:70,0
DA:74,0
DA:75,0
DA:79,0
DA:80,0
DA:84,0
DA:85,0
DA:88,0
LF:19
LH:0
BRDA:40,0,0,0
BRDA:40,0,1,0
BRDA:57,1,0,0
BRDA:57,1,1,0
BRDA:67,2,0,0
BRDA:88,3,0,0
BRDA:88,3,1,0
BRF:7
BRH:0
end_of_record
TN:
SF:src\lib\api\subscriptions.ts
FN:53,getPlans
FN:58,(anonymous_11)
FN:72,initializePayment
FN:83,verifyPayment
FN:93,getCurrentSubscription
FN:102,getSubscriptionHistory
FN:107,cancelSubscription
FN:114,getLevel
FN:119,checkLevel
FNF:9
FNH:0
FNDA:0,getPlans
FNDA:0,(anonymous_11)
FNDA:0,initializePayment
FNDA:0,verifyPayment
FNDA:0,getCurrentSubscription
FNDA:0,getSubscriptionHistory
FNDA:0,cancelSubscription
FNDA:0,getLevel
FNDA:0,checkLevel
DA:1,0
DA:35,0
DA:53,0
DA:54,0
DA:58,0
DA:72,0
DA:76,0
DA:80,0
DA:83,0
DA:84,0
DA:88,0
DA:93,0
DA:94,0
DA:95,0
DA:96,0
DA:98,0
DA:102,0
DA:103,0
DA:104,0
DA:107,0
DA:108,0
DA:109,0
DA:114,0
DA:115,0
DA:116,0
DA:119,0
DA:120,0
DA:123,0
LF:28
LH:0
BRDA:65,0,0,0
BRDA:65,0,1,0
BRDA:66,1,0,0
BRDA:66,1,1,0
BRF:4
BRH:0
end_of_record
TN:
SF:src\lib\api\users.ts
FN:5,getMe
FN:10,updateMe
FN:19,onboardMe
FN:28,uploadAvatar
FN:37,getUserProfile
FN:42,followUser
FN:46,unfollowUser
FN:50,blockUser
FN:54,unblockUser
FN:58,isFollowing
FN:65,getFollowers
FN:78,getFollowing
FN:91,getBlockedUsers
FN:96,registerFcmToken
FN:100,removeFcmToken
FN:104,deleteAccount
FNF:16
FNH:0
FNDA:0,getMe
FNDA:0,updateMe
FNDA:0,onboardMe
FNDA:0,uploadAvatar
FNDA:0,getUserProfile
FNDA:0,followUser
FNDA:0,unfollowUser
FNDA:0,blockUser
FNDA:0,unblockUser
FNDA:0,isFollowing
FNDA:0,getFollowers
FNDA:0,getFollowing
FNDA:0,getBlockedUsers
FNDA:0,registerFcmToken
FNDA:0,removeFcmToken
FNDA:0,deleteAccount
DA:1,0
DA:5,0
DA:6,0
DA:7,0
DA:10,0
DA:15,0
DA:16,0
DA:19,0
DA:24,0
DA:25,0
DA:28,0
DA:29,0
DA:30,0
DA:31,0
DA:34,0
DA:37,0
DA:38,0
DA:39,0
DA:42,0
DA:43,0
DA:46,0
DA:47,0
DA:50,0
DA:51,0
DA:54,0
DA:55,0
DA:58,0
DA:59,0
DA:62,0
DA:65,0
DA:70,0
DA:71,0
DA:72,0
DA:75,0
DA:78,0
DA:83,0
DA:84,0
DA:85,0
DA:88,0
DA:91,0
DA:92,0
DA:93,0
DA:96,0
DA:97,0
DA:100,0
DA:101,0
DA:104,0
DA:105,0
LF:48
LH:0
BRDA:68,0,0,0
BRDA:71,1,0,0
BRDA:81,2,0,0
BRDA:84,3,0,0
BRF:4
BRH:0
end_of_record
TN:
SF:src\providers\AuthProvider.tsx
FN:20,AuthProvider
FN:23,(anonymous_2)
FN:24,restoreSession
FNF:3
FNH:0
FNDA:0,AuthProvider
FNDA:0,(anonymous_2)
FNDA:0,restoreSession
DA:3,0
DA:4,0
DA:5,0
DA:6,0
DA:7,0
DA:8,0
DA:9,0
DA:20,0
DA:21,0
DA:23,0
DA:25,0
DA:26,0
DA:28,0
DA:29,0
DA:30,0
DA:33,0
DA:35,0
DA:36,0
DA:37,0
DA:40,0
DA:41,0
DA:44,0
DA:51,0
DA:52,0
DA:54,0
LF:25
LH:0
BRDA:28,0,0,0
BRDA:51,1,0,0
BRDA:51,1,1,0
BRDA:51,2,0,0
BRDA:51,2,1,0
BRF:5
BRH:0
end_of_record
TN:
SF:src\providers\Providers.tsx
FN:9,Providers
FNF:1
FNH:0
FNDA:0,Providers
DA:4,0
DA:5,0
DA:6,0
DA:7,0
DA:9,0
LF:5
LH:0
BRF:0
BRH:0
end_of_record
TN:
SF:src\providers\QueryProvider.tsx
FN:6,QueryProvider
FN:8,(anonymous_2)
FN:14,(anonymous_3)
FNF:3
FNH:0
FNDA:0,QueryProvider
FNDA:0,(anonymous_2)
FNDA:0,(anonymous_3)
DA:3,0
DA:4,0
DA:6,0
DA:7,0
DA:9,0
DA:16,0
DA:17,0
DA:18,0
LF:8
LH:0
BRDA:17,0,0,0
BRDA:17,1,0,0
BRDA:17,1,1,0
BRDA:17,1,2,0
BRF:4
BRH:0
end_of_record
TN:
SF:src\store\auth.store.ts
FN:22,(anonymous_1)
FN:27,(anonymous_2)
FN:29,(anonymous_3)
FN:41,(anonymous_4)
FN:42,(anonymous_5)
FN:46,(anonymous_6)
FN:57,(anonymous_7)
FN:61,(anonymous_8)
FN:64,(anonymous_9)
FN:65,(anonymous_10)
FN:66,(anonymous_11)
FN:69,(anonymous_12)
FN:74,(anonymous_13)
FN:74,(anonymous_14)
FNF:14
FNH:5
FNDA:2,(anonymous_1)
FNDA:0,(anonymous_2)
FNDA:0,(anonymous_3)
FNDA:0,(anonymous_4)
FNDA:0,(anonymous_5)
FNDA:0,(anonymous_6)
FNDA:0,(anonymous_7)
FNDA:2,(anonymous_8)
FNDA:2,(anonymous_9)
FNDA:0,(anonymous_10)
FNDA:0,(anonymous_11)
FNDA:0,(anonymous_12)
FNDA:2,(anonymous_13)
FNDA:2,(anonymous_14)
DA:1,2
DA:2,2
DA:3,2
DA:4,2
DA:5,2
DA:20,42
DA:22,2
DA:27,0
DA:31,0
DA:33,0
DA:35,0
DA:36,0
DA:38,0
DA:42,0
DA:47,0
DA:48,0
DA:49,0
DA:51,0
DA:52,0
DA:54,0
DA:57,0
DA:63,2
DA:64,2
DA:65,0
DA:66,0
DA:69,0
DA:74,2
DA:76,2
DA:77,2
LF:29
LH:12
BRDA:35,0,0,0
BRDA:43,1,0,0
BRDA:43,1,1,0
BRDA:51,2,0,0
BRDA:76,3,0,2
BRF:5
BRH:1
end_of_record
TN:
SF:src\store\calls.store.ts
FN:56,(anonymous_1)
FN:61,(anonymous_2)
FN:62,(anonymous_3)
FN:63,(anonymous_4)
FN:64,(anonymous_5)
FNF:5
FNH:0
FNDA:0,(anonymous_1)
FNDA:0,(anonymous_2)
FNDA:0,(anonymous_3)
FNDA:0,(anonymous_4)
FNDA:0,(anonymous_5)
DA:1,0
DA:56,0
DA:61,0
DA:62,0
DA:63,0
DA:64,0
LF:6
LH:0
BRF:0
BRH:0
end_of_record
TN:
SF:src\store\marketplace.store.ts
FN:27,(anonymous_1)
FN:32,(anonymous_2)
FN:34,(anonymous_3)
FN:37,(anonymous_4)
FN:40,(anonymous_5)
FN:41,(anonymous_6)
FN:43,(anonymous_7)
FN:45,(anonymous_8)
FNF:8
FNH:0
FNDA:0,(anonymous_1)
FNDA:0,(anonymous_2)
FNDA:0,(anonymous_3)
FNDA:0,(anonymous_4)
FNDA:0,(anonymous_5)
FNDA:0,(anonymous_6)
FNDA:0,(anonymous_7)
FNDA:0,(anonymous_8)
DA:1,0
DA:27,0
DA:32,0
DA:35,0
DA:38,0
DA:41,0
DA:43,0
DA:46,0
DA:47,0
DA:49,0
DA:50,0
DA:51,0
DA:53,0
LF:13
LH:0
BRDA:47,0,0,0
BRDA:47,0,1,0
BRDA:47,1,0,0
BRDA:47,1,1,0
BRDA:47,1,2,0
BRDA:47,1,3,0
BRDA:47,1,4,0
BRDA:50,2,0,0
BRDA:50,2,1,0
BRF:9
BRH:0
end_of_record
TN:
SF:src\store\messages.store.ts
FN:22,(anonymous_1)
FN:28,(anonymous_2)
FN:29,(anonymous_3)
FN:31,(anonymous_4)
FN:32,(anonymous_5)
FN:36,(anonymous_6)
FN:45,(anonymous_7)
FN:46,(anonymous_8)
FN:52,(anonymous_9)
FN:53,(anonymous_10)
FN:59,(anonymous_11)
FNF:11
FNH:0
FNDA:0,(anonymous_1)
FNDA:0,(anonymous_2)
FNDA:0,(anonymous_3)
FNDA:0,(anonymous_4)
FNDA:0,(anonymous_5)
FNDA:0,(anonymous_6)
FNDA:0,(anonymous_7)
FNDA:0,(anonymous_8)
FNDA:0,(anonymous_9)
FNDA:0,(anonymous_10)
FNDA:0,(anonymous_11)
DA:1,0
DA:22,0
DA:28,0
DA:29,0
DA:32,0
DA:33,0
DA:34,0
DA:36,0
DA:37,0
DA:46,0
DA:47,0
DA:48,0
DA:49,0
DA:53,0
DA:54,0
DA:55,0
DA:56,0
DA:60,0
LF:18
LH:0
BRDA:33,0,0,0
BRDA:33,0,1,0
BRDA:34,1,0,0
BRDA:34,1,1,0
BRDA:35,2,0,0
BRDA:35,2,1,0
BRF:6
BRH:0
end_of_record
TN:
SF:src\store\notification.store.ts
FN:10,(anonymous_1)
FN:12,(anonymous_2)
FN:13,(anonymous_3)
FN:13,(anonymous_4)
FN:14,(anonymous_5)
FNF:5
FNH:0
FNDA:0,(anonymous_1)
FNDA:0,(anonymous_2)
FNDA:0,(anonymous_3)
FNDA:0,(anonymous_4)
FNDA:0,(anonymous_5)
DA:1,0
DA:10,0
DA:12,0
DA:13,0
DA:14,0
LF:5
LH:0
BRF:0
BRH:0
end_of_record
TN:
SF:src\store\opportunities.store.ts
FN:31,(anonymous_1)
FN:37,(anonymous_2)
FN:39,(anonymous_3)
FN:42,(anonymous_4)
FN:45,(anonymous_5)
FN:46,(anonymous_6)
FN:48,(anonymous_7)
FN:50,(anonymous_8)
FN:53,(anonymous_9)
FNF:9
FNH:0
FNDA:0,(anonymous_1)
FNDA:0,(anonymous_2)
FNDA:0,(anonymous_3)
FNDA:0,(anonymous_4)
FNDA:0,(anonymous_5)
FNDA:0,(anonymous_6)
FNDA:0,(anonymous_7)
FNDA:0,(anonymous_8)
FNDA:0,(anonymous_9)
DA:1,0
DA:31,0
DA:37,0
DA:40,0
DA:43,0
DA:46,0
DA:48,0
DA:51,0
DA:54,0
DA:55,0
DA:56,0
DA:57,0
DA:58,0
LF:13
LH:0
BRDA:55,0,0,0
BRDA:56,1,0,0
BRDA:57,2,0,0
BRF:3
BRH:0
end_of_record
TN:
SF:src\store\subscriptions.store.ts
FN:25,(anonymous_1)
FN:30,(anonymous_2)
FN:31,(anonymous_3)
FN:32,(anonymous_4)
FN:33,(anonymous_5)
FNF:5
FNH:0
FNDA:0,(anonymous_1)
FNDA:0,(anonymous_2)
FNDA:0,(anonymous_3)
FNDA:0,(anonymous_4)
FNDA:0,(anonymous_5)
DA:1,0
DA:25,0
DA:30,0
DA:31,0
DA:32,0
DA:33,0
LF:6
LH:0
BRF:0
BRH:0
end_of_record
TN:
SF:src\store\ui.store.ts
FN:82,(anonymous_1)
FN:84,(anonymous_2)
FN:88,(anonymous_3)
FN:89,(anonymous_4)
FN:96,(anonymous_5)
FN:99,(anonymous_6)
FN:100,(anonymous_7)
FN:103,(anonymous_8)
FN:106,(anonymous_9)
FN:107,(anonymous_10)
FN:110,(anonymous_11)
FN:113,(anonymous_12)
FN:116,(anonymous_13)
FN:126,(anonymous_14)
FN:127,(anonymous_15)
FN:136,(anonymous_16)
FN:137,(anonymous_17)
FN:138,(anonymous_18)
FNF:18
FNH:4
FNDA:3,(anonymous_1)
FNDA:0,(anonymous_2)
FNDA:0,(anonymous_3)
FNDA:0,(anonymous_4)
FNDA:0,(anonymous_5)
FNDA:0,(anonymous_6)
FNDA:0,(anonymous_7)
FNDA:0,(anonymous_8)
FNDA:0,(anonymous_9)
FNDA:0,(anonymous_10)
FNDA:0,(anonymous_11)
FNDA:0,(anonymous_12)
FNDA:12,(anonymous_13)
FNDA:1,(anonymous_14)
FNDA:1,(anonymous_15)
FNDA:0,(anonymous_16)
FNDA:0,(anonymous_17)
FNDA:0,(anonymous_18)
DA:1,3
DA:68,3
DA:76,3
DA:82,50
DA:84,0
DA:89,0
DA:96,0
DA:100,0
DA:103,0
DA:107,0
DA:110,0
DA:113,0
DA:117,12
DA:118,12
DA:119,0
DA:120,0
DA:122,0
DA:127,1
DA:128,1
DA:129,1
DA:130,0
DA:132,1
DA:136,0
DA:138,0
LF:24
LH:10
BRDA:91,0,0,0
BRDA:91,0,1,0
BRDA:118,1,0,0
BRDA:118,2,0,12
BRDA:118,2,1,12
BRDA:119,3,0,0
BRDA:119,3,1,0
BRDA:129,4,0,0
BRDA:129,5,0,1
BRDA:129,5,1,1
BRF:10
BRH:4
end_of_record
TN:
SF:src\types\enums.ts
FNF:0
FNH:0
DA:1,132
DA:7,114
DA:12,37
DA:17,23
DA:23,393
DA:30,58
DA:36,27
DA:43,422
DA:52,112
DA:57,29
DA:62,46
DA:69,56
DA:79,43
DA:86,23
DA:91,23
DA:100,69
DA:117,23
DA:123,65
DA:131,23
LF:19
LH:19
BRF:0
BRH:0
end_of_record
